0 info it worked if it ends with ok
1 verbose cli [ 'C:\\Program Files\\nodejs\\node.exe',
1 verbose cli   'C:\\Users\\J10203\\AppData\\Roaming\\npm\\node_modules\\npm\\bin\\npm-cli.js',
1 verbose cli   'isntall',
1 verbose cli   'node-snap7',
1 verbose cli   '--save' ]
2 info using npm@3.9.6
3 info using node@v4.4.5
4 silly loadCurrentTree Starting
5 silly install loadCurrentTree
6 silly install readLocalPackageData
7 silly fetchPackageMetaData node-snap7
8 silly fetchNamedPackageData node-snap7
9 silly mapToRegistry name node-snap7
10 silly mapToRegistry using default registry
11 silly mapToRegistry registry https://registry.npmjs.org/
12 silly mapToRegistry data Result {
12 silly mapToRegistry   raw: 'node-snap7',
12 silly mapToRegistry   scope: null,
12 silly mapToRegistry   name: 'node-snap7',
12 silly mapToRegistry   rawSpec: '',
12 silly mapToRegistry   spec: 'latest',
12 silly mapToRegistry   type: 'tag' }
13 silly mapToRegistry uri https://registry.npmjs.org/node-snap7
14 verbose request uri https://registry.npmjs.org/node-snap7
15 verbose request no auth needed
16 info attempt registry request try #1 at 9:46:31 AM
17 verbose request id 13f6fea7ee7e1fc6
18 verbose etag "DKS4LYOYJ0BBB33SOV0J33LW9"
19 http request GET https://registry.npmjs.org/node-snap7
20 http 304 https://registry.npmjs.org/node-snap7
21 verbose headers { date: 'Fri, 24 Jun 2016 07:46:33 GMT',
21 verbose headers   via: '1.1 varnish',
21 verbose headers   'cache-control': 'max-age=300',
21 verbose headers   etag: '"DKS4LYOYJ0BBB33SOV0J33LW9"',
21 verbose headers   age: '0',
21 verbose headers   connection: 'keep-alive',
21 verbose headers   'x-served-by': 'cache-lcy1131-LCY',
21 verbose headers   'x-cache': 'MISS',
21 verbose headers   'x-cache-hits': '0',
21 verbose headers   'x-timer': 'S1466754393.441889,VS0,VE174',
21 verbose headers   vary: 'Accept-Encoding' }
22 silly get cb [ 304,
22 silly get   { date: 'Fri, 24 Jun 2016 07:46:33 GMT',
22 silly get     via: '1.1 varnish',
22 silly get     'cache-control': 'max-age=300',
22 silly get     etag: '"DKS4LYOYJ0BBB33SOV0J33LW9"',
22 silly get     age: '0',
22 silly get     connection: 'keep-alive',
22 silly get     'x-served-by': 'cache-lcy1131-LCY',
22 silly get     'x-cache': 'MISS',
22 silly get     'x-cache-hits': '0',
22 silly get     'x-timer': 'S1466754393.441889,VS0,VE174',
22 silly get     vary: 'Accept-Encoding' } ]
23 verbose etag https://registry.npmjs.org/node-snap7 from cache
24 verbose get saving node-snap7 to C:\Users\J10203\AppData\Roaming\npm-cache\registry.npmjs.org\node-snap7\.cache.json
25 verbose correctMkdir C:\Users\J10203\AppData\Roaming\npm-cache correctMkdir not in flight; initializing
26 silly install normalizeTree
27 silly loadCurrentTree Finishing
28 silly loadIdealTree Starting
29 silly install loadIdealTree
30 silly cloneCurrentTree Starting
31 silly install cloneCurrentTreeToIdealTree
32 silly cloneCurrentTree Finishing
33 silly loadShrinkwrap Starting
34 silly install loadShrinkwrap
35 silly loadShrinkwrap Finishing
36 silly loadAllDepsIntoIdealTree Starting
37 silly install loadAllDepsIntoIdealTree
38 silly resolveWithNewModule node-snap7@0.2.3 checking installable status
39 silly cache add args [ 'node-snap7', null ]
40 verbose cache add spec node-snap7
41 silly cache add parsed spec Result {
41 silly cache add   raw: 'node-snap7',
41 silly cache add   scope: null,
41 silly cache add   name: 'node-snap7',
41 silly cache add   rawSpec: '',
41 silly cache add   spec: 'latest',
41 silly cache add   type: 'tag' }
42 silly addNamed node-snap7@latest
43 verbose addNamed "latest" is being treated as a dist-tag for node-snap7
44 info addNameTag [ 'node-snap7', 'latest' ]
45 silly mapToRegistry name node-snap7
46 silly mapToRegistry using default registry
47 silly mapToRegistry registry https://registry.npmjs.org/
48 silly mapToRegistry data Result {
48 silly mapToRegistry   raw: 'node-snap7',
48 silly mapToRegistry   scope: null,
48 silly mapToRegistry   name: 'node-snap7',
48 silly mapToRegistry   rawSpec: '',
48 silly mapToRegistry   spec: 'latest',
48 silly mapToRegistry   type: 'tag' }
49 silly mapToRegistry uri https://registry.npmjs.org/node-snap7
50 verbose addNameTag registry:https://registry.npmjs.org/node-snap7 not in flight; fetching
51 verbose get https://registry.npmjs.org/node-snap7 not expired, no request
52 silly addNameTag next cb for node-snap7 with tag latest
53 silly addNamed node-snap7@0.2.3
54 verbose addNamed "0.2.3" is a plain semver version for node-snap7
55 silly cache afterAdd node-snap7@0.2.3
56 verbose afterAdd C:\Users\J10203\AppData\Roaming\npm-cache\node-snap7\0.2.3\package\package.json not in flight; writing
57 verbose correctMkdir C:\Users\J10203\AppData\Roaming\npm-cache correctMkdir not in flight; initializing
58 verbose afterAdd C:\Users\J10203\AppData\Roaming\npm-cache\node-snap7\0.2.3\package\package.json written
59 silly fetchNamedPackageData nan
60 silly mapToRegistry name nan
61 silly mapToRegistry using default registry
62 silly mapToRegistry registry https://registry.npmjs.org/
63 silly mapToRegistry data Result {
63 silly mapToRegistry   raw: 'nan',
63 silly mapToRegistry   scope: null,
63 silly mapToRegistry   name: 'nan',
63 silly mapToRegistry   rawSpec: '',
63 silly mapToRegistry   spec: 'latest',
63 silly mapToRegistry   type: 'tag' }
64 silly mapToRegistry uri https://registry.npmjs.org/nan
65 silly fetchNamedPackageData bindings
66 silly mapToRegistry name bindings
67 silly mapToRegistry using default registry
68 silly mapToRegistry registry https://registry.npmjs.org/
69 silly mapToRegistry data Result {
69 silly mapToRegistry   raw: 'bindings',
69 silly mapToRegistry   scope: null,
69 silly mapToRegistry   name: 'bindings',
69 silly mapToRegistry   rawSpec: '',
69 silly mapToRegistry   spec: 'latest',
69 silly mapToRegistry   type: 'tag' }
70 silly mapToRegistry uri https://registry.npmjs.org/bindings
71 verbose request uri https://registry.npmjs.org/nan
72 verbose request no auth needed
73 info attempt registry request try #1 at 9:46:35 AM
74 verbose etag "12RFHNMU7CS3WJ1892HQLM0NB"
75 http request GET https://registry.npmjs.org/nan
76 verbose request uri https://registry.npmjs.org/bindings
77 verbose request no auth needed
78 info attempt registry request try #1 at 9:46:35 AM
79 verbose etag "33TX4J3DNTGF7K41ZUV6OA182"
80 http request GET https://registry.npmjs.org/bindings
81 http 304 https://registry.npmjs.org/nan
82 verbose headers { date: 'Fri, 24 Jun 2016 07:46:35 GMT',
82 verbose headers   via: '1.1 varnish',
82 verbose headers   'cache-control': 'max-age=300',
82 verbose headers   etag: '"12RFHNMU7CS3WJ1892HQLM0NB"',
82 verbose headers   age: '163',
82 verbose headers   connection: 'keep-alive',
82 verbose headers   'x-served-by': 'cache-lcy1131-LCY',
82 verbose headers   'x-cache': 'HIT',
82 verbose headers   'x-cache-hits': '8',
82 verbose headers   'x-timer': 'S1466754395.318190,VS0,VE0',
82 verbose headers   vary: 'Accept-Encoding' }
83 silly get cb [ 304,
83 silly get   { date: 'Fri, 24 Jun 2016 07:46:35 GMT',
83 silly get     via: '1.1 varnish',
83 silly get     'cache-control': 'max-age=300',
83 silly get     etag: '"12RFHNMU7CS3WJ1892HQLM0NB"',
83 silly get     age: '163',
83 silly get     connection: 'keep-alive',
83 silly get     'x-served-by': 'cache-lcy1131-LCY',
83 silly get     'x-cache': 'HIT',
83 silly get     'x-cache-hits': '8',
83 silly get     'x-timer': 'S1466754395.318190,VS0,VE0',
83 silly get     vary: 'Accept-Encoding' } ]
84 verbose etag https://registry.npmjs.org/nan from cache
85 verbose get saving nan to C:\Users\J10203\AppData\Roaming\npm-cache\registry.npmjs.org\nan\.cache.json
86 verbose correctMkdir C:\Users\J10203\AppData\Roaming\npm-cache correctMkdir not in flight; initializing
87 silly resolveWithNewModule nan@2.3.5 checking installable status
88 silly cache add args [ 'nan@~2.3.3', null ]
89 verbose cache add spec nan@~2.3.3
90 silly cache add parsed spec Result {
90 silly cache add   raw: 'nan@~2.3.3',
90 silly cache add   scope: null,
90 silly cache add   name: 'nan',
90 silly cache add   rawSpec: '~2.3.3',
90 silly cache add   spec: '>=2.3.3 <2.4.0',
90 silly cache add   type: 'range' }
91 silly addNamed nan@>=2.3.3 <2.4.0
92 verbose addNamed ">=2.3.3 <2.4.0" is a valid semver range for nan
93 silly addNameRange { name: 'nan', range: '>=2.3.3 <2.4.0', hasData: false }
94 silly mapToRegistry name nan
95 silly mapToRegistry using default registry
96 silly mapToRegistry registry https://registry.npmjs.org/
97 silly mapToRegistry data Result {
97 silly mapToRegistry   raw: 'nan',
97 silly mapToRegistry   scope: null,
97 silly mapToRegistry   name: 'nan',
97 silly mapToRegistry   rawSpec: '',
97 silly mapToRegistry   spec: 'latest',
97 silly mapToRegistry   type: 'tag' }
98 silly mapToRegistry uri https://registry.npmjs.org/nan
99 verbose addNameRange registry:https://registry.npmjs.org/nan not in flight; fetching
100 verbose get https://registry.npmjs.org/nan not expired, no request
101 silly addNameRange number 2 { name: 'nan', range: '>=2.3.3 <2.4.0', hasData: true }
102 silly addNameRange versions [ 'nan',
102 silly addNameRange   [ '0.3.0-wip',
102 silly addNameRange     '0.3.0-wip2',
102 silly addNameRange     '0.3.0',
102 silly addNameRange     '0.3.1',
102 silly addNameRange     '0.3.2',
102 silly addNameRange     '0.4.0',
102 silly addNameRange     '0.4.1',
102 silly addNameRange     '0.4.2',
102 silly addNameRange     '0.4.3',
102 silly addNameRange     '0.4.4',
102 silly addNameRange     '0.5.0',
102 silly addNameRange     '0.5.1',
102 silly addNameRange     '0.5.2',
102 silly addNameRange     '0.6.0',
102 silly addNameRange     '0.7.0',
102 silly addNameRange     '0.7.1',
102 silly addNameRange     '0.8.0',
102 silly addNameRange     '1.0.0',
102 silly addNameRange     '1.1.0',
102 silly addNameRange     '1.1.1',
102 silly addNameRange     '1.1.2',
102 silly addNameRange     '1.2.0',
102 silly addNameRange     '1.3.0',
102 silly addNameRange     '1.4.0',
102 silly addNameRange     '1.4.1',
102 silly addNameRange     '1.5.0',
102 silly addNameRange     '1.4.2',
102 silly addNameRange     '1.4.3',
102 silly addNameRange     '1.5.1',
102 silly addNameRange     '1.5.2',
102 silly addNameRange     '1.6.0',
102 silly addNameRange     '1.5.3',
102 silly addNameRange     '1.6.1',
102 silly addNameRange     '1.6.2',
102 silly addNameRange     '1.7.0',
102 silly addNameRange     '1.8.0',
102 silly addNameRange     '1.8.1',
102 silly addNameRange     '1.8.2',
102 silly addNameRange     '1.8.3',
102 silly addNameRange     '1.8.4',
102 silly addNameRange     '1.9.0',
102 silly addNameRange     '2.0.0',
102 silly addNameRange     '2.0.1',
102 silly addNameRange     '2.0.2',
102 silly addNameRange     '2.0.3',
102 silly addNameRange     '2.0.4',
102 silly addNameRange     '2.0.5',
102 silly addNameRange     '2.0.6',
102 silly addNameRange     '2.0.7',
102 silly addNameRange     '2.0.8',
102 silly addNameRange     '2.0.9',
102 silly addNameRange     '2.1.0',
102 silly addNameRange     '2.2.0',
102 silly addNameRange     '2.2.1',
102 silly addNameRange     '2.3.0',
102 silly addNameRange     '2.3.1',
102 silly addNameRange     '2.3.2',
102 silly addNameRange     '2.3.3',
102 silly addNameRange     '2.3.4',
102 silly addNameRange     '2.3.5' ] ]
103 silly addNamed nan@2.3.5
104 verbose addNamed "2.3.5" is a plain semver version for nan
105 silly cache afterAdd nan@2.3.5
106 verbose afterAdd C:\Users\J10203\AppData\Roaming\npm-cache\nan\2.3.5\package\package.json not in flight; writing
107 verbose correctMkdir C:\Users\J10203\AppData\Roaming\npm-cache correctMkdir not in flight; initializing
108 verbose afterAdd C:\Users\J10203\AppData\Roaming\npm-cache\nan\2.3.5\package\package.json written
109 http 304 https://registry.npmjs.org/bindings
110 verbose headers { date: 'Fri, 24 Jun 2016 07:46:35 GMT',
110 verbose headers   via: '1.1 varnish',
110 verbose headers   'cache-control': 'max-age=300',
110 verbose headers   etag: '"33TX4J3DNTGF7K41ZUV6OA182"',
110 verbose headers   age: '285',
110 verbose headers   connection: 'keep-alive',
110 verbose headers   'x-served-by': 'cache-lcy1133-LCY',
110 verbose headers   'x-cache': 'HIT',
110 verbose headers   'x-cache-hits': '4',
110 verbose headers   'x-timer': 'S1466754395.798351,VS0,VE0',
110 verbose headers   vary: 'Accept-Encoding' }
111 silly get cb [ 304,
111 silly get   { date: 'Fri, 24 Jun 2016 07:46:35 GMT',
111 silly get     via: '1.1 varnish',
111 silly get     'cache-control': 'max-age=300',
111 silly get     etag: '"33TX4J3DNTGF7K41ZUV6OA182"',
111 silly get     age: '285',
111 silly get     connection: 'keep-alive',
111 silly get     'x-served-by': 'cache-lcy1133-LCY',
111 silly get     'x-cache': 'HIT',
111 silly get     'x-cache-hits': '4',
111 silly get     'x-timer': 'S1466754395.798351,VS0,VE0',
111 silly get     vary: 'Accept-Encoding' } ]
112 verbose etag https://registry.npmjs.org/bindings from cache
113 verbose get saving bindings to C:\Users\J10203\AppData\Roaming\npm-cache\registry.npmjs.org\bindings\.cache.json
114 verbose correctMkdir C:\Users\J10203\AppData\Roaming\npm-cache correctMkdir not in flight; initializing
115 silly resolveWithNewModule bindings@1.2.1 checking installable status
116 silly cache add args [ 'bindings@~1.2.1', null ]
117 verbose cache add spec bindings@~1.2.1
118 silly cache add parsed spec Result {
118 silly cache add   raw: 'bindings@~1.2.1',
118 silly cache add   scope: null,
118 silly cache add   name: 'bindings',
118 silly cache add   rawSpec: '~1.2.1',
118 silly cache add   spec: '>=1.2.1 <1.3.0',
118 silly cache add   type: 'range' }
119 silly addNamed bindings@>=1.2.1 <1.3.0
120 verbose addNamed ">=1.2.1 <1.3.0" is a valid semver range for bindings
121 silly addNameRange { name: 'bindings', range: '>=1.2.1 <1.3.0', hasData: false }
122 silly mapToRegistry name bindings
123 silly mapToRegistry using default registry
124 silly mapToRegistry registry https://registry.npmjs.org/
125 silly mapToRegistry data Result {
125 silly mapToRegistry   raw: 'bindings',
125 silly mapToRegistry   scope: null,
125 silly mapToRegistry   name: 'bindings',
125 silly mapToRegistry   rawSpec: '',
125 silly mapToRegistry   spec: 'latest',
125 silly mapToRegistry   type: 'tag' }
126 silly mapToRegistry uri https://registry.npmjs.org/bindings
127 verbose addNameRange registry:https://registry.npmjs.org/bindings not in flight; fetching
128 verbose get https://registry.npmjs.org/bindings not expired, no request
129 silly addNameRange number 2 { name: 'bindings', range: '>=1.2.1 <1.3.0', hasData: true }
130 silly addNameRange versions [ 'bindings',
130 silly addNameRange   [ '0.0.1',
130 silly addNameRange     '0.1.0',
130 silly addNameRange     '0.1.1',
130 silly addNameRange     '0.2.0',
130 silly addNameRange     '0.2.1',
130 silly addNameRange     '0.2.2',
130 silly addNameRange     '0.2.3',
130 silly addNameRange     '0.2.4',
130 silly addNameRange     '0.3.0',
130 silly addNameRange     '0.4.0',
130 silly addNameRange     '1.0.0',
130 silly addNameRange     '1.1.0',
130 silly addNameRange     '1.1.1',
130 silly addNameRange     '1.2.0',
130 silly addNameRange     '1.2.1' ] ]
131 silly addNamed bindings@1.2.1
132 verbose addNamed "1.2.1" is a plain semver version for bindings
133 silly cache afterAdd bindings@1.2.1
134 verbose afterAdd C:\Users\J10203\AppData\Roaming\npm-cache\bindings\1.2.1\package\package.json not in flight; writing
135 verbose correctMkdir C:\Users\J10203\AppData\Roaming\npm-cache correctMkdir not in flight; initializing
136 verbose afterAdd C:\Users\J10203\AppData\Roaming\npm-cache\bindings\1.2.1\package\package.json written
137 silly loadAllDepsIntoIdealTree Finishing
138 silly idealTree:prePrune test@1.0.0
138 silly idealTree:prePrune +-- abbrev@1.0.9
138 silly idealTree:prePrune +-- accepts@1.3.3
138 silly idealTree:prePrune +-- angular-animate@1.5.7
138 silly idealTree:prePrune +-- angular-aria@1.5.7
138 silly idealTree:prePrune +-- angular-material-icons@0.7.0
138 silly idealTree:prePrune +-- angular-material@1.1.0-rc.5
138 silly idealTree:prePrune +-- angular-messages@1.5.7
138 silly idealTree:prePrune +-- angular-ui-router@0.3.1
138 silly idealTree:prePrune +-- angular@1.5.7
138 silly idealTree:prePrune +-- ansi-regex@2.0.0
138 silly idealTree:prePrune +-- ansi-styles@2.2.1
138 silly idealTree:prePrune +-- ansi@0.3.1
138 silly idealTree:prePrune +-- archy@1.0.0
138 silly idealTree:prePrune +-- are-we-there-yet@1.1.2
138 silly idealTree:prePrune +-- array-differ@1.0.0
138 silly idealTree:prePrune +-- array-find-index@1.0.1
138 silly idealTree:prePrune +-- array-flatten@1.1.1
138 silly idealTree:prePrune +-- array-index@1.0.0
138 silly idealTree:prePrune +-- array-uniq@1.0.3
138 silly idealTree:prePrune +-- asn1@0.2.3
138 silly idealTree:prePrune +-- assert-plus@0.2.0
138 silly idealTree:prePrune +-- async@1.5.2
138 silly idealTree:prePrune +-- aws-sign2@0.6.0
138 silly idealTree:prePrune +-- aws4@1.4.1
138 silly idealTree:prePrune +-- balanced-match@0.4.1
138 silly idealTree:prePrune +-- basic-auth@1.0.4
138 silly idealTree:prePrune +-- beeper@1.1.0
138 silly idealTree:prePrune +-- bindings@1.2.1
138 silly idealTree:prePrune +-- bl@1.1.2
138 silly idealTree:prePrune | +-- isarray@1.0.0
138 silly idealTree:prePrune | `-- readable-stream@2.0.6
138 silly idealTree:prePrune +-- block-stream@0.0.9
138 silly idealTree:prePrune +-- body-parser@1.15.2
138 silly idealTree:prePrune +-- boom@2.10.1
138 silly idealTree:prePrune +-- brace-expansion@1.1.5
138 silly idealTree:prePrune +-- builtin-modules@1.1.1
138 silly idealTree:prePrune +-- bytes@2.4.0
138 silly idealTree:prePrune +-- camelcase-keys@2.1.0
138 silly idealTree:prePrune +-- camelcase@2.1.1
138 silly idealTree:prePrune +-- caseless@0.11.0
138 silly idealTree:prePrune +-- chalk@1.1.3
138 silly idealTree:prePrune +-- clone-stats@0.0.1
138 silly idealTree:prePrune +-- clone@1.0.2
138 silly idealTree:prePrune +-- combined-stream@1.0.5
138 silly idealTree:prePrune +-- commander@2.9.0
138 silly idealTree:prePrune +-- concat-map@0.0.1
138 silly idealTree:prePrune +-- content-disposition@0.5.1
138 silly idealTree:prePrune +-- content-type@1.0.2
138 silly idealTree:prePrune +-- cookie-signature@1.0.6
138 silly idealTree:prePrune +-- cookie@0.3.1
138 silly idealTree:prePrune +-- core-util-is@1.0.2
138 silly idealTree:prePrune +-- cryptiles@2.0.5
138 silly idealTree:prePrune +-- currently-unhandled@0.4.1
138 silly idealTree:prePrune +-- d@0.1.1
138 silly idealTree:prePrune +-- d3@3.5.17
138 silly idealTree:prePrune +-- dashdash@1.14.0
138 silly idealTree:prePrune | `-- assert-plus@1.0.0
138 silly idealTree:prePrune +-- dateformat@1.0.12
138 silly idealTree:prePrune +-- debug@2.2.0
138 silly idealTree:prePrune +-- decamelize@1.2.0
138 silly idealTree:prePrune +-- defaults@1.0.3
138 silly idealTree:prePrune +-- delayed-stream@1.0.0
138 silly idealTree:prePrune +-- delegates@1.0.0
138 silly idealTree:prePrune +-- depd@1.1.0
138 silly idealTree:prePrune +-- deprecated@0.0.1
138 silly idealTree:prePrune +-- destroy@1.0.4
138 silly idealTree:prePrune +-- duplexer2@0.0.2
138 silly idealTree:prePrune +-- ecc-jsbn@0.1.1
138 silly idealTree:prePrune +-- ee-first@1.1.1
138 silly idealTree:prePrune +-- encodeurl@1.0.1
138 silly idealTree:prePrune +-- end-of-stream@0.1.5
138 silly idealTree:prePrune +-- error-ex@1.3.0
138 silly idealTree:prePrune +-- es5-ext@0.10.11
138 silly idealTree:prePrune | `-- es6-symbol@3.0.2
138 silly idealTree:prePrune +-- es6-iterator@2.0.0
138 silly idealTree:prePrune +-- es6-symbol@3.1.0
138 silly idealTree:prePrune +-- escape-html@1.0.3
138 silly idealTree:prePrune +-- escape-string-regexp@1.0.5
138 silly idealTree:prePrune +-- etag@1.7.0
138 silly idealTree:prePrune +-- express@4.14.0
138 silly idealTree:prePrune +-- extend@2.0.1
138 silly idealTree:prePrune +-- extsprintf@1.0.2
138 silly idealTree:prePrune +-- fancy-log@1.2.0
138 silly idealTree:prePrune +-- finalhandler@0.5.0
138 silly idealTree:prePrune +-- find-index@0.1.1
138 silly idealTree:prePrune +-- find-up@1.1.2
138 silly idealTree:prePrune +-- findup-sync@0.3.0
138 silly idealTree:prePrune +-- first-chunk-stream@1.0.0
138 silly idealTree:prePrune +-- flagged-respawn@0.3.2
138 silly idealTree:prePrune +-- forever-agent@0.6.1
138 silly idealTree:prePrune +-- form-data@1.0.0-rc4
138 silly idealTree:prePrune +-- forwarded@0.1.0
138 silly idealTree:prePrune +-- fresh@0.3.0
138 silly idealTree:prePrune +-- fs.realpath@1.0.0
138 silly idealTree:prePrune +-- fstream@1.0.10
138 silly idealTree:prePrune +-- gauge@1.2.7
138 silly idealTree:prePrune +-- gaze@0.5.2
138 silly idealTree:prePrune +-- generate-function@2.0.0
138 silly idealTree:prePrune +-- generate-object-property@1.2.0
138 silly idealTree:prePrune +-- get-stdin@4.0.1
138 silly idealTree:prePrune +-- getpass@0.1.6
138 silly idealTree:prePrune | `-- assert-plus@1.0.0
138 silly idealTree:prePrune +-- glob-stream@3.1.18
138 silly idealTree:prePrune | +-- glob@4.5.3
138 silly idealTree:prePrune | +-- minimatch@2.0.10
138 silly idealTree:prePrune | +-- readable-stream@1.0.34
138 silly idealTree:prePrune | `-- through2@0.6.5
138 silly idealTree:prePrune +-- glob-watcher@0.0.6
138 silly idealTree:prePrune +-- glob@5.0.15
138 silly idealTree:prePrune | `-- minimatch@3.0.2
138 silly idealTree:prePrune +-- glob2base@0.0.12
138 silly idealTree:prePrune +-- globule@0.1.0
138 silly idealTree:prePrune | +-- glob@3.1.21
138 silly idealTree:prePrune | +-- graceful-fs@1.2.3
138 silly idealTree:prePrune | +-- inherits@1.0.2
138 silly idealTree:prePrune | `-- minimatch@0.2.14
138 silly idealTree:prePrune +-- glogg@1.0.0
138 silly idealTree:prePrune +-- graceful-fs@4.1.4
138 silly idealTree:prePrune +-- graceful-readlink@1.0.1
138 silly idealTree:prePrune +-- gulp-util@3.0.7
138 silly idealTree:prePrune +-- gulp@3.9.1
138 silly idealTree:prePrune +-- gulplog@1.0.0
138 silly idealTree:prePrune +-- har-validator@2.0.6
138 silly idealTree:prePrune +-- has-ansi@2.0.0
138 silly idealTree:prePrune +-- has-gulplog@0.1.0
138 silly idealTree:prePrune +-- has-unicode@2.0.1
138 silly idealTree:prePrune +-- hawk@3.1.3
138 silly idealTree:prePrune +-- hoek@2.16.3
138 silly idealTree:prePrune +-- hosted-git-info@2.1.5
138 silly idealTree:prePrune +-- http-errors@1.5.0
138 silly idealTree:prePrune +-- http-signature@1.1.1
138 silly idealTree:prePrune +-- iconv-lite@0.4.13
138 silly idealTree:prePrune +-- indent-string@2.1.0
138 silly idealTree:prePrune +-- inflight@1.0.5
138 silly idealTree:prePrune +-- inherits@2.0.1
138 silly idealTree:prePrune +-- interpret@1.0.1
138 silly idealTree:prePrune +-- ipaddr.js@1.1.1
138 silly idealTree:prePrune +-- is-arrayish@0.2.1
138 silly idealTree:prePrune +-- is-builtin-module@1.0.0
138 silly idealTree:prePrune +-- is-finite@1.0.1
138 silly idealTree:prePrune +-- is-my-json-valid@2.13.1
138 silly idealTree:prePrune +-- is-property@1.0.2
138 silly idealTree:prePrune +-- is-typedarray@1.0.0
138 silly idealTree:prePrune +-- is-utf8@0.2.1
138 silly idealTree:prePrune +-- isarray@0.0.1
138 silly idealTree:prePrune +-- isexe@1.1.2
138 silly idealTree:prePrune +-- isstream@0.1.2
138 silly idealTree:prePrune +-- jodid25519@1.0.2
138 silly idealTree:prePrune +-- jsbn@0.1.0
138 silly idealTree:prePrune +-- json-schema@0.2.2
138 silly idealTree:prePrune +-- json-stringify-safe@5.0.1
138 silly idealTree:prePrune +-- jsonpointer@2.0.0
138 silly idealTree:prePrune +-- jsprim@1.3.0
138 silly idealTree:prePrune +-- liftoff@2.2.1
138 silly idealTree:prePrune +-- load-json-file@1.1.0
138 silly idealTree:prePrune +-- lodash._basecopy@3.0.1
138 silly idealTree:prePrune +-- lodash._baseslice@4.0.0
138 silly idealTree:prePrune +-- lodash._basetostring@3.0.1
138 silly idealTree:prePrune +-- lodash._basevalues@3.0.0
138 silly idealTree:prePrune +-- lodash._getnative@3.9.1
138 silly idealTree:prePrune +-- lodash._isiterateecall@3.0.9
138 silly idealTree:prePrune +-- lodash._reescape@3.0.0
138 silly idealTree:prePrune +-- lodash._reevaluate@3.0.0
138 silly idealTree:prePrune +-- lodash._reinterpolate@3.0.0
138 silly idealTree:prePrune +-- lodash._root@3.0.1
138 silly idealTree:prePrune +-- lodash.escape@3.2.0
138 silly idealTree:prePrune +-- lodash.isarguments@3.0.8
138 silly idealTree:prePrune +-- lodash.isarray@3.0.4
138 silly idealTree:prePrune +-- lodash.keys@3.1.2
138 silly idealTree:prePrune +-- lodash.pad@4.4.0
138 silly idealTree:prePrune | `-- lodash._basetostring@4.12.0
138 silly idealTree:prePrune +-- lodash.padend@4.5.0
138 silly idealTree:prePrune | `-- lodash._basetostring@4.12.0
138 silly idealTree:prePrune +-- lodash.padstart@4.5.0
138 silly idealTree:prePrune | `-- lodash._basetostring@4.12.0
138 silly idealTree:prePrune +-- lodash.restparam@3.6.1
138 silly idealTree:prePrune +-- lodash.template@3.6.2
138 silly idealTree:prePrune +-- lodash.templatesettings@3.1.1
138 silly idealTree:prePrune +-- lodash.tostring@4.1.3
138 silly idealTree:prePrune +-- lodash@1.0.2
138 silly idealTree:prePrune +-- loud-rejection@1.5.0
138 silly idealTree:prePrune +-- lru-cache@2.7.3
138 silly idealTree:prePrune +-- map-obj@1.0.1
138 silly idealTree:prePrune +-- media-typer@0.3.0
138 silly idealTree:prePrune +-- meow@3.7.0
138 silly idealTree:prePrune | `-- object-assign@4.1.0
138 silly idealTree:prePrune +-- merge-descriptors@1.0.1
138 silly idealTree:prePrune +-- methods@1.1.2
138 silly idealTree:prePrune +-- mime-db@1.23.0
138 silly idealTree:prePrune +-- mime-types@2.1.11
138 silly idealTree:prePrune +-- mime@1.3.4
138 silly idealTree:prePrune +-- minimatch@1.0.0
138 silly idealTree:prePrune +-- minimist@1.2.0
138 silly idealTree:prePrune +-- mkdirp@0.5.1
138 silly idealTree:prePrune | `-- minimist@0.0.8
138 silly idealTree:prePrune +-- morgan@1.7.0
138 silly idealTree:prePrune +-- ms@0.7.1
138 silly idealTree:prePrune +-- multipipe@0.1.2
138 silly idealTree:prePrune +-- nan@2.3.5
138 silly idealTree:prePrune +-- negotiator@0.6.1
138 silly idealTree:prePrune +-- node-gyp@3.3.1
138 silly idealTree:prePrune | `-- glob@4.5.3
138 silly idealTree:prePrune |   `-- minimatch@2.0.10
138 silly idealTree:prePrune +-- node-snap7@0.2.3
138 silly idealTree:prePrune +-- node-uuid@1.4.7
138 silly idealTree:prePrune +-- nopt@3.0.6
138 silly idealTree:prePrune +-- normalize-package-data@2.3.5
138 silly idealTree:prePrune +-- npmlog@2.0.4
138 silly idealTree:prePrune +-- number-is-nan@1.0.0
138 silly idealTree:prePrune +-- oauth-sign@0.8.2
138 silly idealTree:prePrune +-- object-assign@3.0.0
138 silly idealTree:prePrune +-- on-finished@2.3.0
138 silly idealTree:prePrune +-- on-headers@1.0.1
138 silly idealTree:prePrune +-- once@1.3.3
138 silly idealTree:prePrune +-- orchestrator@0.3.7
138 silly idealTree:prePrune +-- ordered-read-streams@0.1.0
138 silly idealTree:prePrune +-- os-homedir@1.0.1
138 silly idealTree:prePrune +-- os-tmpdir@1.0.1
138 silly idealTree:prePrune +-- osenv@0.1.3
138 silly idealTree:prePrune +-- parse-json@2.2.0
138 silly idealTree:prePrune +-- parseurl@1.3.1
138 silly idealTree:prePrune +-- path-array@1.0.1
138 silly idealTree:prePrune +-- path-exists@2.1.0
138 silly idealTree:prePrune +-- path-is-absolute@1.0.0
138 silly idealTree:prePrune +-- path-to-regexp@0.1.7
138 silly idealTree:prePrune +-- path-type@1.1.0
138 silly idealTree:prePrune +-- pify@2.3.0
138 silly idealTree:prePrune +-- pinkie-promise@2.0.1
138 silly idealTree:prePrune +-- pinkie@2.0.4
138 silly idealTree:prePrune +-- pretty-hrtime@1.0.2
138 silly idealTree:prePrune +-- process-nextick-args@1.0.7
138 silly idealTree:prePrune +-- proxy-addr@1.1.2
138 silly idealTree:prePrune +-- qs@6.2.0
138 silly idealTree:prePrune +-- range-parser@1.2.0
138 silly idealTree:prePrune +-- raw-body@2.1.7
138 silly idealTree:prePrune +-- read-pkg-up@1.0.1
138 silly idealTree:prePrune +-- read-pkg@1.1.0
138 silly idealTree:prePrune +-- readable-stream@1.1.14
138 silly idealTree:prePrune +-- rechoir@0.6.2
138 silly idealTree:prePrune +-- redent@1.0.0
138 silly idealTree:prePrune +-- repeating@2.0.1
138 silly idealTree:prePrune +-- replace-ext@0.0.1
138 silly idealTree:prePrune +-- request@2.72.0
138 silly idealTree:prePrune | +-- extend@3.0.0
138 silly idealTree:prePrune | `-- qs@6.1.0
138 silly idealTree:prePrune +-- resolve@1.1.7
138 silly idealTree:prePrune +-- rimraf@2.5.2
138 silly idealTree:prePrune | +-- glob@7.0.5
138 silly idealTree:prePrune | `-- minimatch@3.0.2
138 silly idealTree:prePrune +-- semver@4.3.6
138 silly idealTree:prePrune +-- send@0.14.1
138 silly idealTree:prePrune +-- sequencify@0.0.7
138 silly idealTree:prePrune +-- serve-static@1.11.1
138 silly idealTree:prePrune +-- setprototypeof@1.0.1
138 silly idealTree:prePrune +-- sigmund@1.0.1
138 silly idealTree:prePrune +-- signal-exit@3.0.0
138 silly idealTree:prePrune +-- sntp@1.0.9
138 silly idealTree:prePrune +-- sparkles@1.0.0
138 silly idealTree:prePrune +-- spdx-correct@1.0.2
138 silly idealTree:prePrune +-- spdx-exceptions@1.0.4
138 silly idealTree:prePrune +-- spdx-expression-parse@1.0.2
138 silly idealTree:prePrune +-- spdx-license-ids@1.2.1
138 silly idealTree:prePrune +-- sshpk@1.8.3
138 silly idealTree:prePrune | `-- assert-plus@1.0.0
138 silly idealTree:prePrune +-- statuses@1.3.0
138 silly idealTree:prePrune +-- stream-consume@0.1.0
138 silly idealTree:prePrune +-- string_decoder@0.10.31
138 silly idealTree:prePrune +-- stringstream@0.0.5
138 silly idealTree:prePrune +-- strip-ansi@3.0.1
138 silly idealTree:prePrune +-- strip-bom@2.0.0
138 silly idealTree:prePrune +-- strip-indent@1.0.1
138 silly idealTree:prePrune +-- supports-color@2.0.0
138 silly idealTree:prePrune +-- tar@2.2.1
138 silly idealTree:prePrune +-- through2@2.0.1
138 silly idealTree:prePrune | +-- isarray@1.0.0
138 silly idealTree:prePrune | `-- readable-stream@2.0.6
138 silly idealTree:prePrune +-- tildify@1.2.0
138 silly idealTree:prePrune +-- time-stamp@1.0.1
138 silly idealTree:prePrune +-- tough-cookie@2.2.2
138 silly idealTree:prePrune +-- trim-newlines@1.0.0
138 silly idealTree:prePrune +-- tunnel-agent@0.4.3
138 silly idealTree:prePrune +-- tweetnacl@0.13.3
138 silly idealTree:prePrune +-- type-is@1.6.13
138 silly idealTree:prePrune +-- unique-stream@1.0.0
138 silly idealTree:prePrune +-- unpipe@1.0.0
138 silly idealTree:prePrune +-- user-home@1.1.1
138 silly idealTree:prePrune +-- util-deprecate@1.0.2
138 silly idealTree:prePrune +-- utils-merge@1.0.0
138 silly idealTree:prePrune +-- v8flags@2.0.11
138 silly idealTree:prePrune +-- validate-npm-package-license@3.0.1
138 silly idealTree:prePrune +-- vary@1.1.0
138 silly idealTree:prePrune +-- verror@1.3.6
138 silly idealTree:prePrune +-- vinyl-fs@0.3.14
138 silly idealTree:prePrune | +-- clone@0.2.0
138 silly idealTree:prePrune | +-- graceful-fs@3.0.8
138 silly idealTree:prePrune | +-- readable-stream@1.0.34
138 silly idealTree:prePrune | +-- strip-bom@1.0.0
138 silly idealTree:prePrune | +-- through2@0.6.5
138 silly idealTree:prePrune | `-- vinyl@0.4.6
138 silly idealTree:prePrune +-- vinyl@0.5.3
138 silly idealTree:prePrune +-- which@1.2.10
138 silly idealTree:prePrune +-- wrappy@1.0.2
138 silly idealTree:prePrune `-- xtend@4.0.1
139 silly loadIdealTree Finishing
140 silly currentTree test@1.0.0
140 silly currentTree +-- abbrev@1.0.9
140 silly currentTree +-- accepts@1.3.3
140 silly currentTree +-- angular-animate@1.5.7
140 silly currentTree +-- angular-aria@1.5.7
140 silly currentTree +-- angular-material-icons@0.7.0
140 silly currentTree +-- angular-material@1.1.0-rc.5
140 silly currentTree +-- angular-messages@1.5.7
140 silly currentTree +-- angular-ui-router@0.3.1
140 silly currentTree +-- angular@1.5.7
140 silly currentTree +-- ansi-regex@2.0.0
140 silly currentTree +-- ansi-styles@2.2.1
140 silly currentTree +-- ansi@0.3.1
140 silly currentTree +-- archy@1.0.0
140 silly currentTree +-- are-we-there-yet@1.1.2
140 silly currentTree +-- array-differ@1.0.0
140 silly currentTree +-- array-find-index@1.0.1
140 silly currentTree +-- array-flatten@1.1.1
140 silly currentTree +-- array-index@1.0.0
140 silly currentTree +-- array-uniq@1.0.3
140 silly currentTree +-- asn1@0.2.3
140 silly currentTree +-- assert-plus@0.2.0
140 silly currentTree +-- async@1.5.2
140 silly currentTree +-- aws-sign2@0.6.0
140 silly currentTree +-- aws4@1.4.1
140 silly currentTree +-- balanced-match@0.4.1
140 silly currentTree +-- basic-auth@1.0.4
140 silly currentTree +-- beeper@1.1.0
140 silly currentTree +-- bl@1.1.2
140 silly currentTree | +-- isarray@1.0.0
140 silly currentTree | `-- readable-stream@2.0.6
140 silly currentTree +-- block-stream@0.0.9
140 silly currentTree +-- body-parser@1.15.2
140 silly currentTree +-- boom@2.10.1
140 silly currentTree +-- brace-expansion@1.1.5
140 silly currentTree +-- builtin-modules@1.1.1
140 silly currentTree +-- bytes@2.4.0
140 silly currentTree +-- camelcase-keys@2.1.0
140 silly currentTree +-- camelcase@2.1.1
140 silly currentTree +-- caseless@0.11.0
140 silly currentTree +-- chalk@1.1.3
140 silly currentTree +-- clone-stats@0.0.1
140 silly currentTree +-- clone@1.0.2
140 silly currentTree +-- combined-stream@1.0.5
140 silly currentTree +-- commander@2.9.0
140 silly currentTree +-- concat-map@0.0.1
140 silly currentTree +-- content-disposition@0.5.1
140 silly currentTree +-- content-type@1.0.2
140 silly currentTree +-- cookie-signature@1.0.6
140 silly currentTree +-- cookie@0.3.1
140 silly currentTree +-- core-util-is@1.0.2
140 silly currentTree +-- cryptiles@2.0.5
140 silly currentTree +-- currently-unhandled@0.4.1
140 silly currentTree +-- d@0.1.1
140 silly currentTree +-- d3@3.5.17
140 silly currentTree +-- dashdash@1.14.0
140 silly currentTree | `-- assert-plus@1.0.0
140 silly currentTree +-- dateformat@1.0.12
140 silly currentTree +-- debug@2.2.0
140 silly currentTree +-- decamelize@1.2.0
140 silly currentTree +-- defaults@1.0.3
140 silly currentTree +-- delayed-stream@1.0.0
140 silly currentTree +-- delegates@1.0.0
140 silly currentTree +-- depd@1.1.0
140 silly currentTree +-- deprecated@0.0.1
140 silly currentTree +-- destroy@1.0.4
140 silly currentTree +-- duplexer2@0.0.2
140 silly currentTree +-- ecc-jsbn@0.1.1
140 silly currentTree +-- ee-first@1.1.1
140 silly currentTree +-- encodeurl@1.0.1
140 silly currentTree +-- end-of-stream@0.1.5
140 silly currentTree +-- error-ex@1.3.0
140 silly currentTree +-- es5-ext@0.10.11
140 silly currentTree | `-- es6-symbol@3.0.2
140 silly currentTree +-- es6-iterator@2.0.0
140 silly currentTree +-- es6-symbol@3.1.0
140 silly currentTree +-- escape-html@1.0.3
140 silly currentTree +-- escape-string-regexp@1.0.5
140 silly currentTree +-- etag@1.7.0
140 silly currentTree +-- express@4.14.0
140 silly currentTree +-- extend@2.0.1
140 silly currentTree +-- extsprintf@1.0.2
140 silly currentTree +-- fancy-log@1.2.0
140 silly currentTree +-- finalhandler@0.5.0
140 silly currentTree +-- find-index@0.1.1
140 silly currentTree +-- find-up@1.1.2
140 silly currentTree +-- findup-sync@0.3.0
140 silly currentTree +-- first-chunk-stream@1.0.0
140 silly currentTree +-- flagged-respawn@0.3.2
140 silly currentTree +-- forever-agent@0.6.1
140 silly currentTree +-- form-data@1.0.0-rc4
140 silly currentTree +-- forwarded@0.1.0
140 silly currentTree +-- fresh@0.3.0
140 silly currentTree +-- fs.realpath@1.0.0
140 silly currentTree +-- fstream@1.0.10
140 silly currentTree +-- gauge@1.2.7
140 silly currentTree +-- gaze@0.5.2
140 silly currentTree +-- generate-function@2.0.0
140 silly currentTree +-- generate-object-property@1.2.0
140 silly currentTree +-- get-stdin@4.0.1
140 silly currentTree +-- getpass@0.1.6
140 silly currentTree | `-- assert-plus@1.0.0
140 silly currentTree +-- glob-stream@3.1.18
140 silly currentTree | +-- glob@4.5.3
140 silly currentTree | +-- minimatch@2.0.10
140 silly currentTree | +-- readable-stream@1.0.34
140 silly currentTree | `-- through2@0.6.5
140 silly currentTree +-- glob-watcher@0.0.6
140 silly currentTree +-- glob@5.0.15
140 silly currentTree | `-- minimatch@3.0.2
140 silly currentTree +-- glob2base@0.0.12
140 silly currentTree +-- globule@0.1.0
140 silly currentTree | +-- glob@3.1.21
140 silly currentTree | +-- graceful-fs@1.2.3
140 silly currentTree | +-- inherits@1.0.2
140 silly currentTree | `-- minimatch@0.2.14
140 silly currentTree +-- glogg@1.0.0
140 silly currentTree +-- graceful-fs@4.1.4
140 silly currentTree +-- graceful-readlink@1.0.1
140 silly currentTree +-- gulp-util@3.0.7
140 silly currentTree +-- gulp@3.9.1
140 silly currentTree +-- gulplog@1.0.0
140 silly currentTree +-- har-validator@2.0.6
140 silly currentTree +-- has-ansi@2.0.0
140 silly currentTree +-- has-gulplog@0.1.0
140 silly currentTree +-- has-unicode@2.0.1
140 silly currentTree +-- hawk@3.1.3
140 silly currentTree +-- hoek@2.16.3
140 silly currentTree +-- hosted-git-info@2.1.5
140 silly currentTree +-- http-errors@1.5.0
140 silly currentTree +-- http-signature@1.1.1
140 silly currentTree +-- iconv-lite@0.4.13
140 silly currentTree +-- indent-string@2.1.0
140 silly currentTree +-- inflight@1.0.5
140 silly currentTree +-- inherits@2.0.1
140 silly currentTree +-- interpret@1.0.1
140 silly currentTree +-- ipaddr.js@1.1.1
140 silly currentTree +-- is-arrayish@0.2.1
140 silly currentTree +-- is-builtin-module@1.0.0
140 silly currentTree +-- is-finite@1.0.1
140 silly currentTree +-- is-my-json-valid@2.13.1
140 silly currentTree +-- is-property@1.0.2
140 silly currentTree +-- is-typedarray@1.0.0
140 silly currentTree +-- is-utf8@0.2.1
140 silly currentTree +-- isarray@0.0.1
140 silly currentTree +-- isexe@1.1.2
140 silly currentTree +-- isstream@0.1.2
140 silly currentTree +-- jodid25519@1.0.2
140 silly currentTree +-- jsbn@0.1.0
140 silly currentTree +-- json-schema@0.2.2
140 silly currentTree +-- json-stringify-safe@5.0.1
140 silly currentTree +-- jsonpointer@2.0.0
140 silly currentTree +-- jsprim@1.3.0
140 silly currentTree +-- liftoff@2.2.1
140 silly currentTree +-- load-json-file@1.1.0
140 silly currentTree +-- lodash._basecopy@3.0.1
140 silly currentTree +-- lodash._baseslice@4.0.0
140 silly currentTree +-- lodash._basetostring@3.0.1
140 silly currentTree +-- lodash._basevalues@3.0.0
140 silly currentTree +-- lodash._getnative@3.9.1
140 silly currentTree +-- lodash._isiterateecall@3.0.9
140 silly currentTree +-- lodash._reescape@3.0.0
140 silly currentTree +-- lodash._reevaluate@3.0.0
140 silly currentTree +-- lodash._reinterpolate@3.0.0
140 silly currentTree +-- lodash._root@3.0.1
140 silly currentTree +-- lodash.escape@3.2.0
140 silly currentTree +-- lodash.isarguments@3.0.8
140 silly currentTree +-- lodash.isarray@3.0.4
140 silly currentTree +-- lodash.keys@3.1.2
140 silly currentTree +-- lodash.pad@4.4.0
140 silly currentTree | `-- lodash._basetostring@4.12.0
140 silly currentTree +-- lodash.padend@4.5.0
140 silly currentTree | `-- lodash._basetostring@4.12.0
140 silly currentTree +-- lodash.padstart@4.5.0
140 silly currentTree | `-- lodash._basetostring@4.12.0
140 silly currentTree +-- lodash.restparam@3.6.1
140 silly currentTree +-- lodash.template@3.6.2
140 silly currentTree +-- lodash.templatesettings@3.1.1
140 silly currentTree +-- lodash.tostring@4.1.3
140 silly currentTree +-- lodash@1.0.2
140 silly currentTree +-- loud-rejection@1.5.0
140 silly currentTree +-- lru-cache@2.7.3
140 silly currentTree +-- map-obj@1.0.1
140 silly currentTree +-- media-typer@0.3.0
140 silly currentTree +-- meow@3.7.0
140 silly currentTree | `-- object-assign@4.1.0
140 silly currentTree +-- merge-descriptors@1.0.1
140 silly currentTree +-- methods@1.1.2
140 silly currentTree +-- mime-db@1.23.0
140 silly currentTree +-- mime-types@2.1.11
140 silly currentTree +-- mime@1.3.4
140 silly currentTree +-- minimatch@1.0.0
140 silly currentTree +-- minimist@1.2.0
140 silly currentTree +-- mkdirp@0.5.1
140 silly currentTree | `-- minimist@0.0.8
140 silly currentTree +-- morgan@1.7.0
140 silly currentTree +-- ms@0.7.1
140 silly currentTree +-- multipipe@0.1.2
140 silly currentTree +-- negotiator@0.6.1
140 silly currentTree +-- node-gyp@3.3.1
140 silly currentTree | `-- glob@4.5.3
140 silly currentTree |   `-- minimatch@2.0.10
140 silly currentTree +-- node-uuid@1.4.7
140 silly currentTree +-- nopt@3.0.6
140 silly currentTree +-- normalize-package-data@2.3.5
140 silly currentTree +-- npmlog@2.0.4
140 silly currentTree +-- number-is-nan@1.0.0
140 silly currentTree +-- oauth-sign@0.8.2
140 silly currentTree +-- object-assign@3.0.0
140 silly currentTree +-- on-finished@2.3.0
140 silly currentTree +-- on-headers@1.0.1
140 silly currentTree +-- once@1.3.3
140 silly currentTree +-- orchestrator@0.3.7
140 silly currentTree +-- ordered-read-streams@0.1.0
140 silly currentTree +-- os-homedir@1.0.1
140 silly currentTree +-- os-tmpdir@1.0.1
140 silly currentTree +-- osenv@0.1.3
140 silly currentTree +-- parse-json@2.2.0
140 silly currentTree +-- parseurl@1.3.1
140 silly currentTree +-- path-array@1.0.1
140 silly currentTree +-- path-exists@2.1.0
140 silly currentTree +-- path-is-absolute@1.0.0
140 silly currentTree +-- path-to-regexp@0.1.7
140 silly currentTree +-- path-type@1.1.0
140 silly currentTree +-- pify@2.3.0
140 silly currentTree +-- pinkie-promise@2.0.1
140 silly currentTree +-- pinkie@2.0.4
140 silly currentTree +-- pretty-hrtime@1.0.2
140 silly currentTree +-- process-nextick-args@1.0.7
140 silly currentTree +-- proxy-addr@1.1.2
140 silly currentTree +-- qs@6.2.0
140 silly currentTree +-- range-parser@1.2.0
140 silly currentTree +-- raw-body@2.1.7
140 silly currentTree +-- read-pkg-up@1.0.1
140 silly currentTree +-- read-pkg@1.1.0
140 silly currentTree +-- readable-stream@1.1.14
140 silly currentTree +-- rechoir@0.6.2
140 silly currentTree +-- redent@1.0.0
140 silly currentTree +-- repeating@2.0.1
140 silly currentTree +-- replace-ext@0.0.1
140 silly currentTree +-- request@2.72.0
140 silly currentTree | +-- extend@3.0.0
140 silly currentTree | `-- qs@6.1.0
140 silly currentTree +-- resolve@1.1.7
140 silly currentTree +-- rimraf@2.5.2
140 silly currentTree | +-- glob@7.0.5
140 silly currentTree | `-- minimatch@3.0.2
140 silly currentTree +-- semver@4.3.6
140 silly currentTree +-- send@0.14.1
140 silly currentTree +-- sequencify@0.0.7
140 silly currentTree +-- serve-static@1.11.1
140 silly currentTree +-- setprototypeof@1.0.1
140 silly currentTree +-- sigmund@1.0.1
140 silly currentTree +-- signal-exit@3.0.0
140 silly currentTree +-- sntp@1.0.9
140 silly currentTree +-- sparkles@1.0.0
140 silly currentTree +-- spdx-correct@1.0.2
140 silly currentTree +-- spdx-exceptions@1.0.4
140 silly currentTree +-- spdx-expression-parse@1.0.2
140 silly currentTree +-- spdx-license-ids@1.2.1
140 silly currentTree +-- sshpk@1.8.3
140 silly currentTree | `-- assert-plus@1.0.0
140 silly currentTree +-- statuses@1.3.0
140 silly currentTree +-- stream-consume@0.1.0
140 silly currentTree +-- string_decoder@0.10.31
140 silly currentTree +-- stringstream@0.0.5
140 silly currentTree +-- strip-ansi@3.0.1
140 silly currentTree +-- strip-bom@2.0.0
140 silly currentTree +-- strip-indent@1.0.1
140 silly currentTree +-- supports-color@2.0.0
140 silly currentTree +-- tar@2.2.1
140 silly currentTree +-- through2@2.0.1
140 silly currentTree | +-- isarray@1.0.0
140 silly currentTree | `-- readable-stream@2.0.6
140 silly currentTree +-- tildify@1.2.0
140 silly currentTree +-- time-stamp@1.0.1
140 silly currentTree +-- tough-cookie@2.2.2
140 silly currentTree +-- trim-newlines@1.0.0
140 silly currentTree +-- tunnel-agent@0.4.3
140 silly currentTree +-- tweetnacl@0.13.3
140 silly currentTree +-- type-is@1.6.13
140 silly currentTree +-- unique-stream@1.0.0
140 silly currentTree +-- unpipe@1.0.0
140 silly currentTree +-- user-home@1.1.1
140 silly currentTree +-- util-deprecate@1.0.2
140 silly currentTree +-- utils-merge@1.0.0
140 silly currentTree +-- v8flags@2.0.11
140 silly currentTree +-- validate-npm-package-license@3.0.1
140 silly currentTree +-- vary@1.1.0
140 silly currentTree +-- verror@1.3.6
140 silly currentTree +-- vinyl-fs@0.3.14
140 silly currentTree | +-- clone@0.2.0
140 silly currentTree | +-- graceful-fs@3.0.8
140 silly currentTree | +-- readable-stream@1.0.34
140 silly currentTree | +-- strip-bom@1.0.0
140 silly currentTree | +-- through2@0.6.5
140 silly currentTree | `-- vinyl@0.4.6
140 silly currentTree +-- vinyl@0.5.3
140 silly currentTree +-- which@1.2.10
140 silly currentTree +-- wrappy@1.0.2
140 silly currentTree `-- xtend@4.0.1
141 silly idealTree test@1.0.0
141 silly idealTree +-- abbrev@1.0.9
141 silly idealTree +-- accepts@1.3.3
141 silly idealTree +-- angular-animate@1.5.7
141 silly idealTree +-- angular-aria@1.5.7
141 silly idealTree +-- angular-material-icons@0.7.0
141 silly idealTree +-- angular-material@1.1.0-rc.5
141 silly idealTree +-- angular-messages@1.5.7
141 silly idealTree +-- angular-ui-router@0.3.1
141 silly idealTree +-- angular@1.5.7
141 silly idealTree +-- ansi-regex@2.0.0
141 silly idealTree +-- ansi-styles@2.2.1
141 silly idealTree +-- ansi@0.3.1
141 silly idealTree +-- archy@1.0.0
141 silly idealTree +-- are-we-there-yet@1.1.2
141 silly idealTree +-- array-differ@1.0.0
141 silly idealTree +-- array-find-index@1.0.1
141 silly idealTree +-- array-flatten@1.1.1
141 silly idealTree +-- array-index@1.0.0
141 silly idealTree +-- array-uniq@1.0.3
141 silly idealTree +-- asn1@0.2.3
141 silly idealTree +-- assert-plus@0.2.0
141 silly idealTree +-- async@1.5.2
141 silly idealTree +-- aws-sign2@0.6.0
141 silly idealTree +-- aws4@1.4.1
141 silly idealTree +-- balanced-match@0.4.1
141 silly idealTree +-- basic-auth@1.0.4
141 silly idealTree +-- beeper@1.1.0
141 silly idealTree +-- bindings@1.2.1
141 silly idealTree +-- bl@1.1.2
141 silly idealTree | +-- isarray@1.0.0
141 silly idealTree | `-- readable-stream@2.0.6
141 silly idealTree +-- block-stream@0.0.9
141 silly idealTree +-- body-parser@1.15.2
141 silly idealTree +-- boom@2.10.1
141 silly idealTree +-- brace-expansion@1.1.5
141 silly idealTree +-- builtin-modules@1.1.1
141 silly idealTree +-- bytes@2.4.0
141 silly idealTree +-- camelcase-keys@2.1.0
141 silly idealTree +-- camelcase@2.1.1
141 silly idealTree +-- caseless@0.11.0
141 silly idealTree +-- chalk@1.1.3
141 silly idealTree +-- clone-stats@0.0.1
141 silly idealTree +-- clone@1.0.2
141 silly idealTree +-- combined-stream@1.0.5
141 silly idealTree +-- commander@2.9.0
141 silly idealTree +-- concat-map@0.0.1
141 silly idealTree +-- content-disposition@0.5.1
141 silly idealTree +-- content-type@1.0.2
141 silly idealTree +-- cookie-signature@1.0.6
141 silly idealTree +-- cookie@0.3.1
141 silly idealTree +-- core-util-is@1.0.2
141 silly idealTree +-- cryptiles@2.0.5
141 silly idealTree +-- currently-unhandled@0.4.1
141 silly idealTree +-- d@0.1.1
141 silly idealTree +-- d3@3.5.17
141 silly idealTree +-- dashdash@1.14.0
141 silly idealTree | `-- assert-plus@1.0.0
141 silly idealTree +-- dateformat@1.0.12
141 silly idealTree +-- debug@2.2.0
141 silly idealTree +-- decamelize@1.2.0
141 silly idealTree +-- defaults@1.0.3
141 silly idealTree +-- delayed-stream@1.0.0
141 silly idealTree +-- delegates@1.0.0
141 silly idealTree +-- depd@1.1.0
141 silly idealTree +-- deprecated@0.0.1
141 silly idealTree +-- destroy@1.0.4
141 silly idealTree +-- duplexer2@0.0.2
141 silly idealTree +-- ecc-jsbn@0.1.1
141 silly idealTree +-- ee-first@1.1.1
141 silly idealTree +-- encodeurl@1.0.1
141 silly idealTree +-- end-of-stream@0.1.5
141 silly idealTree +-- error-ex@1.3.0
141 silly idealTree +-- es5-ext@0.10.11
141 silly idealTree | `-- es6-symbol@3.0.2
141 silly idealTree +-- es6-iterator@2.0.0
141 silly idealTree +-- es6-symbol@3.1.0
141 silly idealTree +-- escape-html@1.0.3
141 silly idealTree +-- escape-string-regexp@1.0.5
141 silly idealTree +-- etag@1.7.0
141 silly idealTree +-- express@4.14.0
141 silly idealTree +-- extend@2.0.1
141 silly idealTree +-- extsprintf@1.0.2
141 silly idealTree +-- fancy-log@1.2.0
141 silly idealTree +-- finalhandler@0.5.0
141 silly idealTree +-- find-index@0.1.1
141 silly idealTree +-- find-up@1.1.2
141 silly idealTree +-- findup-sync@0.3.0
141 silly idealTree +-- first-chunk-stream@1.0.0
141 silly idealTree +-- flagged-respawn@0.3.2
141 silly idealTree +-- forever-agent@0.6.1
141 silly idealTree +-- form-data@1.0.0-rc4
141 silly idealTree +-- forwarded@0.1.0
141 silly idealTree +-- fresh@0.3.0
141 silly idealTree +-- fs.realpath@1.0.0
141 silly idealTree +-- fstream@1.0.10
141 silly idealTree +-- gauge@1.2.7
141 silly idealTree +-- gaze@0.5.2
141 silly idealTree +-- generate-function@2.0.0
141 silly idealTree +-- generate-object-property@1.2.0
141 silly idealTree +-- get-stdin@4.0.1
141 silly idealTree +-- getpass@0.1.6
141 silly idealTree | `-- assert-plus@1.0.0
141 silly idealTree +-- glob-stream@3.1.18
141 silly idealTree | +-- glob@4.5.3
141 silly idealTree | +-- minimatch@2.0.10
141 silly idealTree | +-- readable-stream@1.0.34
141 silly idealTree | `-- through2@0.6.5
141 silly idealTree +-- glob-watcher@0.0.6
141 silly idealTree +-- glob@5.0.15
141 silly idealTree | `-- minimatch@3.0.2
141 silly idealTree +-- glob2base@0.0.12
141 silly idealTree +-- globule@0.1.0
141 silly idealTree | +-- glob@3.1.21
141 silly idealTree | +-- graceful-fs@1.2.3
141 silly idealTree | +-- inherits@1.0.2
141 silly idealTree | `-- minimatch@0.2.14
141 silly idealTree +-- glogg@1.0.0
141 silly idealTree +-- graceful-fs@4.1.4
141 silly idealTree +-- graceful-readlink@1.0.1
141 silly idealTree +-- gulp-util@3.0.7
141 silly idealTree +-- gulp@3.9.1
141 silly idealTree +-- gulplog@1.0.0
141 silly idealTree +-- har-validator@2.0.6
141 silly idealTree +-- has-ansi@2.0.0
141 silly idealTree +-- has-gulplog@0.1.0
141 silly idealTree +-- has-unicode@2.0.1
141 silly idealTree +-- hawk@3.1.3
141 silly idealTree +-- hoek@2.16.3
141 silly idealTree +-- hosted-git-info@2.1.5
141 silly idealTree +-- http-errors@1.5.0
141 silly idealTree +-- http-signature@1.1.1
141 silly idealTree +-- iconv-lite@0.4.13
141 silly idealTree +-- indent-string@2.1.0
141 silly idealTree +-- inflight@1.0.5
141 silly idealTree +-- inherits@2.0.1
141 silly idealTree +-- interpret@1.0.1
141 silly idealTree +-- ipaddr.js@1.1.1
141 silly idealTree +-- is-arrayish@0.2.1
141 silly idealTree +-- is-builtin-module@1.0.0
141 silly idealTree +-- is-finite@1.0.1
141 silly idealTree +-- is-my-json-valid@2.13.1
141 silly idealTree +-- is-property@1.0.2
141 silly idealTree +-- is-typedarray@1.0.0
141 silly idealTree +-- is-utf8@0.2.1
141 silly idealTree +-- isarray@0.0.1
141 silly idealTree +-- isexe@1.1.2
141 silly idealTree +-- isstream@0.1.2
141 silly idealTree +-- jodid25519@1.0.2
141 silly idealTree +-- jsbn@0.1.0
141 silly idealTree +-- json-schema@0.2.2
141 silly idealTree +-- json-stringify-safe@5.0.1
141 silly idealTree +-- jsonpointer@2.0.0
141 silly idealTree +-- jsprim@1.3.0
141 silly idealTree +-- liftoff@2.2.1
141 silly idealTree +-- load-json-file@1.1.0
141 silly idealTree +-- lodash._basecopy@3.0.1
141 silly idealTree +-- lodash._baseslice@4.0.0
141 silly idealTree +-- lodash._basetostring@3.0.1
141 silly idealTree +-- lodash._basevalues@3.0.0
141 silly idealTree +-- lodash._getnative@3.9.1
141 silly idealTree +-- lodash._isiterateecall@3.0.9
141 silly idealTree +-- lodash._reescape@3.0.0
141 silly idealTree +-- lodash._reevaluate@3.0.0
141 silly idealTree +-- lodash._reinterpolate@3.0.0
141 silly idealTree +-- lodash._root@3.0.1
141 silly idealTree +-- lodash.escape@3.2.0
141 silly idealTree +-- lodash.isarguments@3.0.8
141 silly idealTree +-- lodash.isarray@3.0.4
141 silly idealTree +-- lodash.keys@3.1.2
141 silly idealTree +-- lodash.pad@4.4.0
141 silly idealTree | `-- lodash._basetostring@4.12.0
141 silly idealTree +-- lodash.padend@4.5.0
141 silly idealTree | `-- lodash._basetostring@4.12.0
141 silly idealTree +-- lodash.padstart@4.5.0
141 silly idealTree | `-- lodash._basetostring@4.12.0
141 silly idealTree +-- lodash.restparam@3.6.1
141 silly idealTree +-- lodash.template@3.6.2
141 silly idealTree +-- lodash.templatesettings@3.1.1
141 silly idealTree +-- lodash.tostring@4.1.3
141 silly idealTree +-- lodash@1.0.2
141 silly idealTree +-- loud-rejection@1.5.0
141 silly idealTree +-- lru-cache@2.7.3
141 silly idealTree +-- map-obj@1.0.1
141 silly idealTree +-- media-typer@0.3.0
141 silly idealTree +-- meow@3.7.0
141 silly idealTree | `-- object-assign@4.1.0
141 silly idealTree +-- merge-descriptors@1.0.1
141 silly idealTree +-- methods@1.1.2
141 silly idealTree +-- mime-db@1.23.0
141 silly idealTree +-- mime-types@2.1.11
141 silly idealTree +-- mime@1.3.4
141 silly idealTree +-- minimatch@1.0.0
141 silly idealTree +-- minimist@1.2.0
141 silly idealTree +-- mkdirp@0.5.1
141 silly idealTree | `-- minimist@0.0.8
141 silly idealTree +-- morgan@1.7.0
141 silly idealTree +-- ms@0.7.1
141 silly idealTree +-- multipipe@0.1.2
141 silly idealTree +-- nan@2.3.5
141 silly idealTree +-- negotiator@0.6.1
141 silly idealTree +-- node-gyp@3.3.1
141 silly idealTree | `-- glob@4.5.3
141 silly idealTree |   `-- minimatch@2.0.10
141 silly idealTree +-- node-snap7@0.2.3
141 silly idealTree +-- node-uuid@1.4.7
141 silly idealTree +-- nopt@3.0.6
141 silly idealTree +-- normalize-package-data@2.3.5
141 silly idealTree +-- npmlog@2.0.4
141 silly idealTree +-- number-is-nan@1.0.0
141 silly idealTree +-- oauth-sign@0.8.2
141 silly idealTree +-- object-assign@3.0.0
141 silly idealTree +-- on-finished@2.3.0
141 silly idealTree +-- on-headers@1.0.1
141 silly idealTree +-- once@1.3.3
141 silly idealTree +-- orchestrator@0.3.7
141 silly idealTree +-- ordered-read-streams@0.1.0
141 silly idealTree +-- os-homedir@1.0.1
141 silly idealTree +-- os-tmpdir@1.0.1
141 silly idealTree +-- osenv@0.1.3
141 silly idealTree +-- parse-json@2.2.0
141 silly idealTree +-- parseurl@1.3.1
141 silly idealTree +-- path-array@1.0.1
141 silly idealTree +-- path-exists@2.1.0
141 silly idealTree +-- path-is-absolute@1.0.0
141 silly idealTree +-- path-to-regexp@0.1.7
141 silly idealTree +-- path-type@1.1.0
141 silly idealTree +-- pify@2.3.0
141 silly idealTree +-- pinkie-promise@2.0.1
141 silly idealTree +-- pinkie@2.0.4
141 silly idealTree +-- pretty-hrtime@1.0.2
141 silly idealTree +-- process-nextick-args@1.0.7
141 silly idealTree +-- proxy-addr@1.1.2
141 silly idealTree +-- qs@6.2.0
141 silly idealTree +-- range-parser@1.2.0
141 silly idealTree +-- raw-body@2.1.7
141 silly idealTree +-- read-pkg-up@1.0.1
141 silly idealTree +-- read-pkg@1.1.0
141 silly idealTree +-- readable-stream@1.1.14
141 silly idealTree +-- rechoir@0.6.2
141 silly idealTree +-- redent@1.0.0
141 silly idealTree +-- repeating@2.0.1
141 silly idealTree +-- replace-ext@0.0.1
141 silly idealTree +-- request@2.72.0
141 silly idealTree | +-- extend@3.0.0
141 silly idealTree | `-- qs@6.1.0
141 silly idealTree +-- resolve@1.1.7
141 silly idealTree +-- rimraf@2.5.2
141 silly idealTree | +-- glob@7.0.5
141 silly idealTree | `-- minimatch@3.0.2
141 silly idealTree +-- semver@4.3.6
141 silly idealTree +-- send@0.14.1
141 silly idealTree +-- sequencify@0.0.7
141 silly idealTree +-- serve-static@1.11.1
141 silly idealTree +-- setprototypeof@1.0.1
141 silly idealTree +-- sigmund@1.0.1
141 silly idealTree +-- signal-exit@3.0.0
141 silly idealTree +-- sntp@1.0.9
141 silly idealTree +-- sparkles@1.0.0
141 silly idealTree +-- spdx-correct@1.0.2
141 silly idealTree +-- spdx-exceptions@1.0.4
141 silly idealTree +-- spdx-expression-parse@1.0.2
141 silly idealTree +-- spdx-license-ids@1.2.1
141 silly idealTree +-- sshpk@1.8.3
141 silly idealTree | `-- assert-plus@1.0.0
141 silly idealTree +-- statuses@1.3.0
141 silly idealTree +-- stream-consume@0.1.0
141 silly idealTree +-- string_decoder@0.10.31
141 silly idealTree +-- stringstream@0.0.5
141 silly idealTree +-- strip-ansi@3.0.1
141 silly idealTree +-- strip-bom@2.0.0
141 silly idealTree +-- strip-indent@1.0.1
141 silly idealTree +-- supports-color@2.0.0
141 silly idealTree +-- tar@2.2.1
141 silly idealTree +-- through2@2.0.1
141 silly idealTree | +-- isarray@1.0.0
141 silly idealTree | `-- readable-stream@2.0.6
141 silly idealTree +-- tildify@1.2.0
141 silly idealTree +-- time-stamp@1.0.1
141 silly idealTree +-- tough-cookie@2.2.2
141 silly idealTree +-- trim-newlines@1.0.0
141 silly idealTree +-- tunnel-agent@0.4.3
141 silly idealTree +-- tweetnacl@0.13.3
141 silly idealTree +-- type-is@1.6.13
141 silly idealTree +-- unique-stream@1.0.0
141 silly idealTree +-- unpipe@1.0.0
141 silly idealTree +-- user-home@1.1.1
141 silly idealTree +-- util-deprecate@1.0.2
141 silly idealTree +-- utils-merge@1.0.0
141 silly idealTree +-- v8flags@2.0.11
141 silly idealTree +-- validate-npm-package-license@3.0.1
141 silly idealTree +-- vary@1.1.0
141 silly idealTree +-- verror@1.3.6
141 silly idealTree +-- vinyl-fs@0.3.14
141 silly idealTree | +-- clone@0.2.0
141 silly idealTree | +-- graceful-fs@3.0.8
141 silly idealTree | +-- readable-stream@1.0.34
141 silly idealTree | +-- strip-bom@1.0.0
141 silly idealTree | +-- through2@0.6.5
141 silly idealTree | `-- vinyl@0.4.6
141 silly idealTree +-- vinyl@0.5.3
141 silly idealTree +-- which@1.2.10
141 silly idealTree +-- wrappy@1.0.2
141 silly idealTree `-- xtend@4.0.1
142 silly generateActionsToTake Starting
143 silly install generateActionsToTake
144 silly generateActionsToTake Finishing
145 silly diffTrees action count 4
146 silly diffTrees add bindings@1.2.1
147 silly diffTrees add nan@2.3.5
148 silly diffTrees update node-gyp@3.3.1
149 silly diffTrees add node-snap7@0.2.3
150 silly decomposeActions action count 32
151 silly decomposeActions fetch bindings@1.2.1
152 silly decomposeActions extract bindings@1.2.1
153 silly decomposeActions test bindings@1.2.1
154 silly decomposeActions preinstall bindings@1.2.1
155 silly decomposeActions build bindings@1.2.1
156 silly decomposeActions install bindings@1.2.1
157 silly decomposeActions postinstall bindings@1.2.1
158 silly decomposeActions finalize bindings@1.2.1
159 silly decomposeActions fetch nan@2.3.5
160 silly decomposeActions extract nan@2.3.5
161 silly decomposeActions test nan@2.3.5
162 silly decomposeActions preinstall nan@2.3.5
163 silly decomposeActions build nan@2.3.5
164 silly decomposeActions install nan@2.3.5
165 silly decomposeActions postinstall nan@2.3.5
166 silly decomposeActions finalize nan@2.3.5
167 silly decomposeActions fetch node-gyp@3.3.1
168 silly decomposeActions extract node-gyp@3.3.1
169 silly decomposeActions test node-gyp@3.3.1
170 silly decomposeActions preinstall node-gyp@3.3.1
171 silly decomposeActions build node-gyp@3.3.1
172 silly decomposeActions install node-gyp@3.3.1
173 silly decomposeActions postinstall node-gyp@3.3.1
174 silly decomposeActions finalize node-gyp@3.3.1
175 silly decomposeActions fetch node-snap7@0.2.3
176 silly decomposeActions extract node-snap7@0.2.3
177 silly decomposeActions test node-snap7@0.2.3
178 silly decomposeActions preinstall node-snap7@0.2.3
179 silly decomposeActions build node-snap7@0.2.3
180 silly decomposeActions install node-snap7@0.2.3
181 silly decomposeActions postinstall node-snap7@0.2.3
182 silly decomposeActions finalize node-snap7@0.2.3
183 silly executeActions Starting
184 silly install executeActions
185 silly doSerial global-install 0
186 silly doParallel fetch 4
187 verbose correctMkdir C:\Users\J10203\AppData\Roaming\npm-cache\_locks correctMkdir not in flight; initializing
188 verbose lock using C:\Users\J10203\AppData\Roaming\npm-cache\_locks\staging-b3e43b18fd0fd0a3.lock for C:\Users\J10203\Documents\GitHub\test\node_modules\.staging
189 silly doParallel extract 4
190 silly extract bindings@1.2.1
191 silly extract nan@2.3.5
192 silly extract node-gyp@3.3.1
193 silly extract node-snap7@0.2.3
194 verbose unbuild node_modules\.staging\bindings-ba19e9bd
195 verbose unbuild node_modules\.staging\node-snap7-c5605e6e
196 verbose unbuild node_modules\.staging\nan-6de7e589
197 silly gentlyRm C:\Users\J10203\Documents\GitHub\test\node_modules\.staging\bindings-ba19e9bd is being purged from base C:\Users\J10203\Documents\GitHub\test
198 verbose gentlyRm don't care about contents; nuking C:\Users\J10203\Documents\GitHub\test\node_modules\.staging\bindings-ba19e9bd
199 silly gentlyRm C:\Users\J10203\Documents\GitHub\test\node_modules\.staging\node-snap7-c5605e6e is being purged from base C:\Users\J10203\Documents\GitHub\test
200 verbose gentlyRm don't care about contents; nuking C:\Users\J10203\Documents\GitHub\test\node_modules\.staging\node-snap7-c5605e6e
201 silly gentlyRm C:\Users\J10203\Documents\GitHub\test\node_modules\.staging\nan-6de7e589 is being purged from base C:\Users\J10203\Documents\GitHub\test
202 verbose gentlyRm don't care about contents; nuking C:\Users\J10203\Documents\GitHub\test\node_modules\.staging\nan-6de7e589
203 verbose tar unpack C:\Users\J10203\AppData\Roaming\npm-cache\bindings\1.2.1\package.tgz
204 verbose tar unpacking to C:\Users\J10203\Documents\GitHub\test\node_modules\.staging\bindings-ba19e9bd
205 silly gentlyRm C:\Users\J10203\Documents\GitHub\test\node_modules\.staging\bindings-ba19e9bd is being purged
206 verbose gentlyRm don't care about contents; nuking C:\Users\J10203\Documents\GitHub\test\node_modules\.staging\bindings-ba19e9bd
207 verbose tar unpack C:\Users\J10203\AppData\Roaming\npm-cache\node-snap7\0.2.3\package.tgz
208 verbose tar unpacking to C:\Users\J10203\Documents\GitHub\test\node_modules\.staging\node-snap7-c5605e6e
209 silly gentlyRm C:\Users\J10203\Documents\GitHub\test\node_modules\.staging\node-snap7-c5605e6e is being purged
210 verbose gentlyRm don't care about contents; nuking C:\Users\J10203\Documents\GitHub\test\node_modules\.staging\node-snap7-c5605e6e
211 verbose tar unpack C:\Users\J10203\AppData\Roaming\npm-cache\nan\2.3.5\package.tgz
212 verbose tar unpacking to C:\Users\J10203\Documents\GitHub\test\node_modules\.staging\nan-6de7e589
213 silly gentlyRm C:\Users\J10203\Documents\GitHub\test\node_modules\.staging\nan-6de7e589 is being purged
214 verbose gentlyRm don't care about contents; nuking C:\Users\J10203\Documents\GitHub\test\node_modules\.staging\nan-6de7e589
215 silly gunzTarPerm modes [ '777', '666' ]
216 silly gunzTarPerm modes [ '777', '666' ]
217 silly gunzTarPerm modes [ '777', '666' ]
218 verbose unbuild node_modules\.staging\node-gyp-44f06e08
219 silly gentlyRm C:\Users\J10203\Documents\GitHub\test\node_modules\.staging\node-gyp-44f06e08 is being purged from base C:\Users\J10203\Documents\GitHub\test
220 verbose gentlyRm don't care about contents; nuking C:\Users\J10203\Documents\GitHub\test\node_modules\.staging\node-gyp-44f06e08
221 silly gunzTarPerm extractEntry package.json
222 silly gunzTarPerm modified mode [ 'package.json', 420, 438 ]
223 silly gunzTarPerm extractEntry package.json
224 silly gunzTarPerm modified mode [ 'package.json', 436, 438 ]
225 verbose tar unpack C:\Users\J10203\AppData\Roaming\npm-cache\node-gyp\3.3.1\package.tgz
226 verbose tar unpacking to C:\Users\J10203\Documents\GitHub\test\node_modules\.staging\node-gyp-44f06e08
227 silly gentlyRm C:\Users\J10203\Documents\GitHub\test\node_modules\.staging\node-gyp-44f06e08 is being purged
228 verbose gentlyRm don't care about contents; nuking C:\Users\J10203\Documents\GitHub\test\node_modules\.staging\node-gyp-44f06e08
229 silly gunzTarPerm modes [ '777', '666' ]
230 silly gunzTarPerm extractEntry package.json
231 silly gunzTarPerm extractEntry README.md
232 silly gunzTarPerm modified mode [ 'README.md', 420, 438 ]
233 silly gunzTarPerm extractEntry bindings.js
234 silly gunzTarPerm modified mode [ 'bindings.js', 420, 438 ]
235 silly gunzTarPerm extractEntry README.md
236 silly gunzTarPerm modified mode [ 'README.md', 436, 438 ]
237 silly gunzTarPerm extractEntry include_dirs.js
238 silly gunzTarPerm modified mode [ 'include_dirs.js', 436, 438 ]
239 silly gunzTarPerm extractEntry package.json
240 silly gunzTarPerm modified mode [ 'package.json', 436, 438 ]
241 silly gunzTarPerm extractEntry README.md
242 silly gunzTarPerm extractEntry LICENSE
243 silly gunzTarPerm extractEntry .npmignore
244 silly gunzTarPerm modified mode [ '.npmignore', 436, 438 ]
245 silly gunzTarPerm extractEntry README.md
246 silly gunzTarPerm modified mode [ 'README.md', 436, 438 ]
247 silly gunzTarPerm extractEntry nan_converters.h
248 silly gunzTarPerm modified mode [ 'nan_converters.h', 436, 438 ]
249 silly gunzTarPerm extractEntry LICENSE.md
250 silly gunzTarPerm modified mode [ 'LICENSE.md', 436, 438 ]
251 silly gunzTarPerm extractEntry doc/node_misc.md
252 silly gunzTarPerm modified mode [ 'doc/node_misc.md', 436, 438 ]
253 silly gunzTarPerm extractEntry doc/asyncworker.md
254 silly gunzTarPerm modified mode [ 'doc/asyncworker.md', 436, 438 ]
255 silly gunzTarPerm extractEntry binding.gyp
256 silly gunzTarPerm extractEntry deps/snap7/HISTORY.txt
257 silly gunzTarPerm extractEntry deps/snap7/gpl.txt
258 silly gunzTarPerm extractEntry deps/snap7/lgpl-3.0.txt
259 silly gunzTarPerm extractEntry deps/snap7/src/core/s7_partner.h
260 silly gunzTarPerm extractEntry LICENSE
261 silly gunzTarPerm modified mode [ 'LICENSE', 436, 438 ]
262 silly gunzTarPerm extractEntry addon.gypi
263 silly gunzTarPerm modified mode [ 'addon.gypi', 436, 438 ]
264 silly gunzTarPerm extractEntry doc/callback.md
265 silly gunzTarPerm modified mode [ 'doc/callback.md', 436, 438 ]
266 silly gunzTarPerm extractEntry doc/converters.md
267 silly gunzTarPerm modified mode [ 'doc/converters.md', 436, 438 ]
268 silly gunzTarPerm extractEntry CHANGELOG.md
269 silly gunzTarPerm modified mode [ 'CHANGELOG.md', 436, 438 ]
270 silly gunzTarPerm extractEntry deps/snap7/src/core/s7_client.cpp
271 silly gunzTarPerm extractEntry deps/snap7/src/core/s7_firmware.h
272 silly gunzTarPerm extractEntry doc/errors.md
273 silly gunzTarPerm modified mode [ 'doc/errors.md', 436, 438 ]
274 silly gunzTarPerm extractEntry doc/maybe_types.md
275 silly gunzTarPerm modified mode [ 'doc/maybe_types.md', 436, 438 ]
276 silly gunzTarPerm extractEntry History.md
277 silly gunzTarPerm modified mode [ 'History.md', 436, 438 ]
278 silly gunzTarPerm extractEntry 0002-gyp-apply-https-codereview.chromium.org-11361103.patch
279 silly gunzTarPerm modified mode [ '0002-gyp-apply-https-codereview.chromium.org-11361103.patch',
279 silly gunzTarPerm   436,
279 silly gunzTarPerm   438 ]
280 silly gunzTarPerm extractEntry deps/snap7/src/core/s7_isotcp.cpp
281 silly gunzTarPerm extractEntry deps/snap7/src/core/s7_isotcp.h
282 silly gunzTarPerm extractEntry doc/methods.md
283 silly gunzTarPerm modified mode [ 'doc/methods.md', 436, 438 ]
284 silly gunzTarPerm extractEntry doc/new.md
285 silly gunzTarPerm modified mode [ 'doc/new.md', 436, 438 ]
286 silly gunzTarPerm extractEntry .jshintrc
287 silly gunzTarPerm modified mode [ '.jshintrc', 436, 438 ]
288 silly gunzTarPerm extractEntry 0003-gyp-don-t-use-links-at-all-just-copy-the-files-inste.patch
289 silly gunzTarPerm modified mode [ '0003-gyp-don-t-use-links-at-all-just-copy-the-files-inste.patch',
289 silly gunzTarPerm   436,
289 silly gunzTarPerm   438 ]
290 silly gunzTarPerm extractEntry doc/buffers.md
291 silly gunzTarPerm modified mode [ 'doc/buffers.md', 436, 438 ]
292 silly gunzTarPerm extractEntry doc/object_wrappers.md
293 silly gunzTarPerm modified mode [ 'doc/object_wrappers.md', 436, 438 ]
294 silly gunzTarPerm extractEntry deps/snap7/src/core/s7_micro_client.cpp
295 silly gunzTarPerm extractEntry deps/snap7/src/core/s7_micro_client.h
296 silly gunzTarPerm extractEntry bin/node-gyp.js
297 silly gunzTarPerm modified mode [ 'bin/node-gyp.js', 509, 511 ]
298 silly gunzTarPerm extractEntry gyp/.npmignore
299 silly gunzTarPerm modified mode [ 'gyp/.npmignore', 436, 438 ]
300 silly gunzTarPerm extractEntry doc/persistent.md
301 silly gunzTarPerm modified mode [ 'doc/persistent.md', 436, 438 ]
302 silly gunzTarPerm extractEntry doc/scopes.md
303 silly gunzTarPerm modified mode [ 'doc/scopes.md', 436, 438 ]
304 silly gunzTarPerm extractEntry deps/snap7/src/core/s7_partner.cpp
305 silly gunzTarPerm extractEntry deps/snap7/src/core/s7_client.h
306 silly gunzTarPerm extractEntry deps/snap7/src/core/s7_peer.cpp
307 silly gunzTarPerm extractEntry deps/snap7/src/core/s7_peer.h
308 silly gunzTarPerm extractEntry gyp/LICENSE
309 silly gunzTarPerm modified mode [ 'gyp/LICENSE', 436, 438 ]
310 silly gunzTarPerm extractEntry gyp/DEPS
311 silly gunzTarPerm modified mode [ 'gyp/DEPS', 436, 438 ]
312 silly gunzTarPerm extractEntry doc/script.md
313 silly gunzTarPerm modified mode [ 'doc/script.md', 436, 438 ]
314 silly gunzTarPerm extractEntry doc/string_bytes.md
315 silly gunzTarPerm modified mode [ 'doc/string_bytes.md', 436, 438 ]
316 silly gunzTarPerm extractEntry deps/snap7/src/core/s7_server.cpp
317 silly gunzTarPerm extractEntry deps/snap7/src/core/s7_server.h
318 silly gunzTarPerm extractEntry gyp/tools/README
319 silly gunzTarPerm modified mode [ 'gyp/tools/README', 436, 438 ]
320 silly gunzTarPerm extractEntry gyp/tools/Xcode/README
321 silly gunzTarPerm modified mode [ 'gyp/tools/Xcode/README', 436, 438 ]
322 silly gunzTarPerm extractEntry doc/v8_internals.md
323 silly gunzTarPerm modified mode [ 'doc/v8_internals.md', 436, 438 ]
324 silly gunzTarPerm extractEntry doc/v8_misc.md
325 silly gunzTarPerm modified mode [ 'doc/v8_misc.md', 436, 438 ]
326 silly gunzTarPerm extractEntry deps/snap7/src/core/s7_text.cpp
327 silly gunzTarPerm extractEntry deps/snap7/src/core/s7_text.h
328 silly gunzTarPerm extractEntry gyp/tools/Xcode/Specifications/gyp.pbfilespec
329 silly gunzTarPerm modified mode [ 'gyp/tools/Xcode/Specifications/gyp.pbfilespec', 436, 438 ]
330 silly gunzTarPerm extractEntry gyp/tools/Xcode/Specifications/gyp.xclangspec
331 silly gunzTarPerm modified mode [ 'gyp/tools/Xcode/Specifications/gyp.xclangspec', 436, 438 ]
332 silly gunzTarPerm extractEntry nan.h
333 silly gunzTarPerm modified mode [ 'nan.h', 436, 438 ]
334 silly gunzTarPerm extractEntry gyp/tools/emacs/README
335 silly gunzTarPerm modified mode [ 'gyp/tools/emacs/README', 436, 438 ]
336 silly gunzTarPerm extractEntry gyp/tools/emacs/gyp-tests.el
337 silly gunzTarPerm modified mode [ 'gyp/tools/emacs/gyp-tests.el', 436, 438 ]
338 silly gunzTarPerm extractEntry deps/snap7/src/core/s7_types.h
339 silly gunzTarPerm extractEntry deps/snap7/src/lib/snap7.def
340 silly gunzTarPerm extractEntry gyp/tools/emacs/gyp.el
341 silly gunzTarPerm modified mode [ 'gyp/tools/emacs/gyp.el', 436, 438 ]
342 silly gunzTarPerm extractEntry gyp/tools/emacs/run-unit-tests.sh
343 silly gunzTarPerm modified mode [ 'gyp/tools/emacs/run-unit-tests.sh', 509, 511 ]
344 silly gunzTarPerm extractEntry nan_callbacks.h
345 silly gunzTarPerm modified mode [ 'nan_callbacks.h', 436, 438 ]
346 silly gunzTarPerm extractEntry nan_callbacks_12_inl.h
347 silly gunzTarPerm modified mode [ 'nan_callbacks_12_inl.h', 436, 438 ]
348 silly gunzTarPerm extractEntry nan_callbacks_pre_12_inl.h
349 silly gunzTarPerm modified mode [ 'nan_callbacks_pre_12_inl.h', 436, 438 ]
350 silly gunzTarPerm extractEntry nan_converters_43_inl.h
351 silly gunzTarPerm modified mode [ 'nan_converters_43_inl.h', 436, 438 ]
352 silly gunzTarPerm extractEntry deps/snap7/src/lib/snap7_libmain.cpp
353 silly gunzTarPerm extractEntry deps/snap7/src/lib/snap7_libmain.h
354 silly gunzTarPerm extractEntry deps/snap7/src/sys/snap_tcpsrvr.h
355 silly gunzTarPerm extractEntry deps/snap7/src/sys/snap_msgsock.cpp
356 silly gunzTarPerm extractEntry deps/snap7/src/sys/snap_platform.h
357 silly gunzTarPerm extractEntry nan_converters_pre_43_inl.h
358 silly gunzTarPerm modified mode [ 'nan_converters_pre_43_inl.h', 436, 438 ]
359 silly gunzTarPerm extractEntry nan_implementation_12_inl.h
360 silly gunzTarPerm modified mode [ 'nan_implementation_12_inl.h', 436, 438 ]
361 silly gunzTarPerm extractEntry nan_implementation_pre_12_inl.h
362 silly gunzTarPerm modified mode [ 'nan_implementation_pre_12_inl.h', 436, 438 ]
363 silly gunzTarPerm extractEntry gyp/tools/emacs/testdata/media.gyp
364 silly gunzTarPerm modified mode [ 'gyp/tools/emacs/testdata/media.gyp', 436, 438 ]
365 silly gunzTarPerm extractEntry gyp/tools/emacs/testdata/media.gyp.fontified
366 silly gunzTarPerm modified mode [ 'gyp/tools/emacs/testdata/media.gyp.fontified', 436, 438 ]
367 silly gunzTarPerm extractEntry deps/snap7/src/sys/snap_sysutils.cpp
368 silly gunzTarPerm extractEntry nan_maybe_43_inl.h
369 silly gunzTarPerm modified mode [ 'nan_maybe_43_inl.h', 436, 438 ]
370 silly gunzTarPerm extractEntry deps/snap7/src/sys/snap_sysutils.h
371 silly gunzTarPerm extractEntry gyp/tools/graphviz.py
372 silly gunzTarPerm modified mode [ 'gyp/tools/graphviz.py', 509, 511 ]
373 silly gunzTarPerm extractEntry gyp/tools/pretty_gyp.py
374 silly gunzTarPerm modified mode [ 'gyp/tools/pretty_gyp.py', 509, 511 ]
375 silly gunzTarPerm extractEntry nan_maybe_pre_43_inl.h
376 silly gunzTarPerm modified mode [ 'nan_maybe_pre_43_inl.h', 436, 438 ]
377 silly gunzTarPerm extractEntry nan_new.h
378 silly gunzTarPerm modified mode [ 'nan_new.h', 436, 438 ]
379 silly gunzTarPerm extractEntry gyp/tools/pretty_sln.py
380 silly gunzTarPerm modified mode [ 'gyp/tools/pretty_sln.py', 509, 511 ]
381 silly gunzTarPerm extractEntry gyp/tools/pretty_vcproj.py
382 silly gunzTarPerm modified mode [ 'gyp/tools/pretty_vcproj.py', 509, 511 ]
383 silly gunzTarPerm extractEntry nan_object_wrap.h
384 silly gunzTarPerm modified mode [ 'nan_object_wrap.h', 436, 438 ]
385 silly gunzTarPerm extractEntry nan_persistent_12_inl.h
386 silly gunzTarPerm modified mode [ 'nan_persistent_12_inl.h', 436, 438 ]
387 silly gunzTarPerm extractEntry nan_persistent_pre_12_inl.h
388 silly gunzTarPerm modified mode [ 'nan_persistent_pre_12_inl.h', 436, 438 ]
389 silly gunzTarPerm extractEntry nan_string_bytes.h
390 silly gunzTarPerm modified mode [ 'nan_string_bytes.h', 436, 438 ]
391 silly gunzTarPerm extractEntry gyp/OWNERS
392 silly gunzTarPerm modified mode [ 'gyp/OWNERS', 436, 438 ]
393 silly gunzTarPerm extractEntry gyp/PRESUBMIT.py
394 silly gunzTarPerm modified mode [ 'gyp/PRESUBMIT.py', 436, 438 ]
395 silly gunzTarPerm extractEntry nan_typedarray_contents.h
396 silly gunzTarPerm modified mode [ 'nan_typedarray_contents.h', 436, 438 ]
397 silly gunzTarPerm extractEntry nan_weak.h
398 silly gunzTarPerm modified mode [ 'nan_weak.h', 436, 438 ]
399 silly gunzTarPerm extractEntry gyp/buildbot/aosp_manifest.xml
400 silly gunzTarPerm modified mode [ 'gyp/buildbot/aosp_manifest.xml', 436, 438 ]
401 silly gunzTarPerm extractEntry gyp/buildbot/buildbot_run.py
402 silly gunzTarPerm modified mode [ 'gyp/buildbot/buildbot_run.py', 509, 511 ]
403 silly gentlyRm C:\Users\J10203\Documents\GitHub\test\node_modules\.staging\bindings-ba19e9bd\node_modules is being purged
404 verbose gentlyRm don't care about contents; nuking C:\Users\J10203\Documents\GitHub\test\node_modules\.staging\bindings-ba19e9bd\node_modules
405 silly gunzTarPerm extractEntry gyp/buildbot/commit_queue/README
406 silly gunzTarPerm modified mode [ 'gyp/buildbot/commit_queue/README', 436, 438 ]
407 silly gunzTarPerm extractEntry gyp/buildbot/commit_queue/OWNERS
408 silly gunzTarPerm modified mode [ 'gyp/buildbot/commit_queue/OWNERS', 436, 438 ]
409 silly gunzTarPerm extractEntry CHANGELOG.md
410 silly gunzTarPerm modified mode [ 'CHANGELOG.md', 436, 438 ]
411 silly gunzTarPerm extractEntry tools/package.json
412 silly gunzTarPerm modified mode [ 'tools/package.json', 436, 438 ]
413 silly gunzTarPerm extractEntry tools/README.md
414 silly gunzTarPerm modified mode [ 'tools/README.md', 436, 438 ]
415 silly gunzTarPerm extractEntry tools/1to2.js
416 silly gunzTarPerm modified mode [ 'tools/1to2.js', 509, 511 ]
417 silly gunzTarPerm extractEntry gyp/buildbot/commit_queue/cq_config.json
418 silly gunzTarPerm modified mode [ 'gyp/buildbot/commit_queue/cq_config.json', 436, 438 ]
419 silly gunzTarPerm extractEntry gyp/codereview.settings
420 silly gunzTarPerm modified mode [ 'gyp/codereview.settings', 436, 438 ]
421 silly gunzTarPerm extractEntry gyp/AUTHORS
422 silly gunzTarPerm modified mode [ 'gyp/AUTHORS', 436, 438 ]
423 silly gunzTarPerm extractEntry gyp/gyp
424 silly gunzTarPerm modified mode [ 'gyp/gyp', 509, 511 ]
425 silly gunzTarPerm extractEntry gyp/gyp.bat
426 silly gunzTarPerm modified mode [ 'gyp/gyp.bat', 509, 511 ]
427 silly gunzTarPerm extractEntry gyp/gyp_main.py
428 silly gunzTarPerm modified mode [ 'gyp/gyp_main.py', 509, 511 ]
429 silly gunzTarPerm extractEntry gyp/gyptest.py
430 silly gunzTarPerm modified mode [ 'gyp/gyptest.py', 509, 511 ]
431 silly gunzTarPerm extractEntry gyp/pylib/gyp/flock_tool.py
432 silly gunzTarPerm modified mode [ 'gyp/pylib/gyp/flock_tool.py', 509, 511 ]
433 silly gunzTarPerm extractEntry gyp/pylib/gyp/MSVSNew.py
434 silly gunzTarPerm modified mode [ 'gyp/pylib/gyp/MSVSNew.py', 436, 438 ]
435 silly gunzTarPerm extractEntry gyp/pylib/gyp/MSVSSettings.py
436 silly gunzTarPerm modified mode [ 'gyp/pylib/gyp/MSVSSettings.py', 436, 438 ]
437 silly gunzTarPerm extractEntry gyp/pylib/gyp/MSVSSettings_test.py
438 silly gunzTarPerm modified mode [ 'gyp/pylib/gyp/MSVSSettings_test.py', 509, 511 ]
439 silly gunzTarPerm extractEntry gyp/pylib/gyp/MSVSToolFile.py
440 silly gunzTarPerm modified mode [ 'gyp/pylib/gyp/MSVSToolFile.py', 436, 438 ]
441 silly gunzTarPerm extractEntry gyp/pylib/gyp/MSVSUserFile.py
442 silly gunzTarPerm modified mode [ 'gyp/pylib/gyp/MSVSUserFile.py', 436, 438 ]
443 silly gunzTarPerm extractEntry gyp/pylib/gyp/MSVSUtil.py
444 silly gunzTarPerm modified mode [ 'gyp/pylib/gyp/MSVSUtil.py', 436, 438 ]
445 silly gunzTarPerm extractEntry deps/snap7/src/sys/snap_tcpsrvr.cpp
446 silly gunzTarPerm extractEntry deps/snap7/src/sys/snap_msgsock.h
447 silly gunzTarPerm extractEntry deps/snap7/src/sys/snap_threads.cpp
448 silly gunzTarPerm extractEntry gyp/pylib/gyp/MSVSVersion.py
449 silly gunzTarPerm modified mode [ 'gyp/pylib/gyp/MSVSVersion.py', 436, 438 ]
450 silly gunzTarPerm extractEntry deps/snap7/src/sys/snap_threads.h
451 silly gunzTarPerm extractEntry deps/snap7/src/sys/sol_threads.h
452 silly gunzTarPerm extractEntry gyp/pylib/gyp/__init__.py
453 silly gunzTarPerm modified mode [ 'gyp/pylib/gyp/__init__.py', 509, 511 ]
454 silly gunzTarPerm extractEntry gyp/pylib/gyp/common.py
455 silly gunzTarPerm modified mode [ 'gyp/pylib/gyp/common.py', 436, 438 ]
456 silly gunzTarPerm extractEntry gyp/pylib/gyp/common_test.py
457 silly gunzTarPerm modified mode [ 'gyp/pylib/gyp/common_test.py', 509, 511 ]
458 silly gunzTarPerm extractEntry gyp/pylib/gyp/easy_xml.py
459 silly gunzTarPerm modified mode [ 'gyp/pylib/gyp/easy_xml.py', 436, 438 ]
460 silly gunzTarPerm extractEntry gyp/pylib/gyp/easy_xml_test.py
461 silly gunzTarPerm modified mode [ 'gyp/pylib/gyp/easy_xml_test.py', 509, 511 ]
462 silly gunzTarPerm extractEntry gyp/pylib/gyp/MSVSProject.py
463 silly gunzTarPerm modified mode [ 'gyp/pylib/gyp/MSVSProject.py', 436, 438 ]
464 silly gunzTarPerm extractEntry deps/snap7/src/sys/unix_threads.h
465 silly gunzTarPerm extractEntry deps/snap7/src/sys/win_threads.h
466 silly gunzTarPerm extractEntry lib/node-snap7.js
467 silly gunzTarPerm extractEntry gyp/pylib/gyp/generator/gypsh.py
468 silly gunzTarPerm modified mode [ 'gyp/pylib/gyp/generator/gypsh.py', 436, 438 ]
469 silly gunzTarPerm extractEntry src/node_snap7.cpp
470 silly gunzTarPerm extractEntry gyp/pylib/gyp/generator/__init__.py
471 silly gunzTarPerm modified mode [ 'gyp/pylib/gyp/generator/__init__.py', 436, 438 ]
472 silly gunzTarPerm extractEntry src/node_snap7_client.cpp
473 silly gunzTarPerm extractEntry gyp/pylib/gyp/generator/android.py
474 silly gunzTarPerm modified mode [ 'gyp/pylib/gyp/generator/android.py', 436, 438 ]
475 silly gunzTarPerm extractEntry src/node_snap7_client.h
476 silly gunzTarPerm extractEntry gyp/pylib/gyp/generator/cmake.py
477 silly gunzTarPerm modified mode [ 'gyp/pylib/gyp/generator/cmake.py', 436, 438 ]
478 silly gunzTarPerm extractEntry src/snap7.cpp
479 silly gunzTarPerm extractEntry gyp/pylib/gyp/generator/dump_dependency_json.py
480 silly gunzTarPerm modified mode [ 'gyp/pylib/gyp/generator/dump_dependency_json.py', 436, 438 ]
481 silly gunzTarPerm extractEntry src/snap7.h
482 silly gunzTarPerm extractEntry gyp/pylib/gyp/generator/eclipse.py
483 silly gunzTarPerm modified mode [ 'gyp/pylib/gyp/generator/eclipse.py', 436, 438 ]
484 silly gunzTarPerm extractEntry gyp/pylib/gyp/generator/gypd.py
485 silly gunzTarPerm modified mode [ 'gyp/pylib/gyp/generator/gypd.py', 436, 438 ]
486 silly gunzTarPerm extractEntry gyp/pylib/gyp/generator/analyzer.py
487 silly gunzTarPerm modified mode [ 'gyp/pylib/gyp/generator/analyzer.py', 436, 438 ]
488 silly gunzTarPerm extractEntry gyp/pylib/gyp/generator/make.py
489 silly gunzTarPerm modified mode [ 'gyp/pylib/gyp/generator/make.py', 436, 438 ]
490 silly gunzTarPerm extractEntry gyp/pylib/gyp/generator/msvs.py
491 silly gunzTarPerm modified mode [ 'gyp/pylib/gyp/generator/msvs.py', 436, 438 ]
492 silly gunzTarPerm extractEntry gyp/pylib/gyp/generator/msvs_test.py
493 silly gunzTarPerm modified mode [ 'gyp/pylib/gyp/generator/msvs_test.py', 509, 511 ]
494 silly gunzTarPerm extractEntry gyp/pylib/gyp/generator/ninja.py
495 silly gunzTarPerm modified mode [ 'gyp/pylib/gyp/generator/ninja.py', 436, 438 ]
496 silly gunzTarPerm extractEntry gyp/pylib/gyp/generator/ninja_test.py
497 silly gunzTarPerm modified mode [ 'gyp/pylib/gyp/generator/ninja_test.py', 436, 438 ]
498 silly gunzTarPerm extractEntry gyp/pylib/gyp/generator/xcode.py
499 silly gunzTarPerm modified mode [ 'gyp/pylib/gyp/generator/xcode.py', 436, 438 ]
500 silly gunzTarPerm extractEntry gyp/pylib/gyp/generator/xcode_test.py
501 silly gunzTarPerm modified mode [ 'gyp/pylib/gyp/generator/xcode_test.py', 436, 438 ]
502 silly gunzTarPerm extractEntry gyp/pylib/gyp/input.py
503 silly gunzTarPerm modified mode [ 'gyp/pylib/gyp/input.py', 436, 438 ]
504 silly gunzTarPerm extractEntry gyp/pylib/gyp/input_test.py
505 silly gunzTarPerm modified mode [ 'gyp/pylib/gyp/input_test.py', 509, 511 ]
506 silly gunzTarPerm extractEntry gyp/pylib/gyp/mac_tool.py
507 silly gunzTarPerm modified mode [ 'gyp/pylib/gyp/mac_tool.py', 509, 511 ]
508 silly gunzTarPerm extractEntry gyp/pylib/gyp/msvs_emulation.py
509 silly gunzTarPerm modified mode [ 'gyp/pylib/gyp/msvs_emulation.py', 436, 438 ]
510 silly gunzTarPerm extractEntry gyp/pylib/gyp/ninja_syntax.py
511 silly gunzTarPerm modified mode [ 'gyp/pylib/gyp/ninja_syntax.py', 436, 438 ]
512 silly gunzTarPerm extractEntry gyp/pylib/gyp/ordered_dict.py
513 silly gunzTarPerm modified mode [ 'gyp/pylib/gyp/ordered_dict.py', 436, 438 ]
514 silly gunzTarPerm extractEntry gyp/pylib/gyp/simple_copy.py
515 silly gunzTarPerm modified mode [ 'gyp/pylib/gyp/simple_copy.py', 436, 438 ]
516 silly gunzTarPerm extractEntry gyp/pylib/gyp/win_tool.py
517 silly gunzTarPerm modified mode [ 'gyp/pylib/gyp/win_tool.py', 509, 511 ]
518 silly gunzTarPerm extractEntry gyp/pylib/gyp/xcode_emulation.py
519 silly gunzTarPerm modified mode [ 'gyp/pylib/gyp/xcode_emulation.py', 436, 438 ]
520 silly gunzTarPerm extractEntry gyp/pylib/gyp/xcode_ninja.py
521 silly gunzTarPerm modified mode [ 'gyp/pylib/gyp/xcode_ninja.py', 436, 438 ]
522 silly gunzTarPerm extractEntry gyp/pylib/gyp/xcodeproj_file.py
523 silly gunzTarPerm modified mode [ 'gyp/pylib/gyp/xcodeproj_file.py', 436, 438 ]
524 silly gunzTarPerm extractEntry gyp/pylib/gyp/xml_fix.py
525 silly gunzTarPerm modified mode [ 'gyp/pylib/gyp/xml_fix.py', 436, 438 ]
526 silly gunzTarPerm extractEntry gyp/samples/samples
527 silly gunzTarPerm modified mode [ 'gyp/samples/samples', 509, 511 ]
528 silly gunzTarPerm extractEntry gyp/samples/samples.bat
529 silly gunzTarPerm modified mode [ 'gyp/samples/samples.bat', 436, 438 ]
530 silly gunzTarPerm extractEntry gyp/setup.py
531 silly gunzTarPerm modified mode [ 'gyp/setup.py', 509, 511 ]
532 silly gunzTarPerm extractEntry gyp/data/win/large-pdb-shim.cc
533 silly gunzTarPerm modified mode [ 'gyp/data/win/large-pdb-shim.cc', 436, 438 ]
534 silly gunzTarPerm extractEntry lib/build.js
535 silly gunzTarPerm modified mode [ 'lib/build.js', 436, 438 ]
536 silly gunzTarPerm extractEntry lib/clean.js
537 silly gunzTarPerm modified mode [ 'lib/clean.js', 436, 438 ]
538 silly gunzTarPerm extractEntry lib/configure.js
539 silly gunzTarPerm modified mode [ 'lib/configure.js', 436, 438 ]
540 silly gunzTarPerm extractEntry lib/find-node-directory.js
541 silly gunzTarPerm modified mode [ 'lib/find-node-directory.js', 436, 438 ]
542 silly gunzTarPerm extractEntry lib/install.js
543 silly gunzTarPerm modified mode [ 'lib/install.js', 436, 438 ]
544 silly gunzTarPerm extractEntry lib/list.js
545 silly gunzTarPerm modified mode [ 'lib/list.js', 436, 438 ]
546 silly gunzTarPerm extractEntry lib/node-gyp.js
547 silly gunzTarPerm modified mode [ 'lib/node-gyp.js', 436, 438 ]
548 silly gunzTarPerm extractEntry lib/process-release.js
549 silly gunzTarPerm modified mode [ 'lib/process-release.js', 436, 438 ]
550 silly gunzTarPerm extractEntry lib/rebuild.js
551 silly gunzTarPerm modified mode [ 'lib/rebuild.js', 436, 438 ]
552 silly gunzTarPerm extractEntry lib/remove.js
553 silly gunzTarPerm modified mode [ 'lib/remove.js', 436, 438 ]
554 silly gunzTarPerm extractEntry 0001-gyp-always-install-into-PRODUCT_DIR.patch
555 silly gunzTarPerm modified mode [ '0001-gyp-always-install-into-PRODUCT_DIR.patch', 436, 438 ]
556 silly gunzTarPerm extractEntry src/win_delay_load_hook.c
557 silly gunzTarPerm modified mode [ 'src/win_delay_load_hook.c', 436, 438 ]
558 silly gentlyRm C:\Users\J10203\Documents\GitHub\test\node_modules\.staging\nan-6de7e589\node_modules is being purged
559 verbose gentlyRm don't care about contents; nuking C:\Users\J10203\Documents\GitHub\test\node_modules\.staging\nan-6de7e589\node_modules
560 silly gunzTarPerm extractEntry test/simple-proxy.js
561 silly gunzTarPerm modified mode [ 'test/simple-proxy.js', 436, 438 ]
562 silly gunzTarPerm extractEntry test/test-download.js
563 silly gunzTarPerm modified mode [ 'test/test-download.js', 436, 438 ]
564 silly gunzTarPerm extractEntry test/test-find-node-directory.js
565 silly gunzTarPerm modified mode [ 'test/test-find-node-directory.js', 436, 438 ]
566 silly gunzTarPerm extractEntry test/test-find-python.js
567 silly gunzTarPerm modified mode [ 'test/test-find-python.js', 436, 438 ]
568 silly gunzTarPerm extractEntry test/test-options.js
569 silly gunzTarPerm modified mode [ 'test/test-options.js', 436, 438 ]
570 silly gunzTarPerm extractEntry test/test-process-release.js
571 silly gunzTarPerm modified mode [ 'test/test-process-release.js', 436, 438 ]
572 silly gunzTarPerm extractEntry test/docker.sh
573 silly gunzTarPerm modified mode [ 'test/docker.sh', 509, 511 ]
574 silly gunzTarPerm extractEntry test/fixtures/ca-bundle.crt
575 silly gunzTarPerm modified mode [ 'test/fixtures/ca-bundle.crt', 436, 438 ]
576 silly gunzTarPerm extractEntry test/fixtures/ca.crt
577 silly gunzTarPerm modified mode [ 'test/fixtures/ca.crt', 436, 438 ]
578 silly gunzTarPerm extractEntry test/fixtures/server.crt
579 silly gunzTarPerm modified mode [ 'test/fixtures/server.crt', 436, 438 ]
580 silly gunzTarPerm extractEntry test/fixtures/server.key
581 silly gunzTarPerm modified mode [ 'test/fixtures/server.key', 436, 438 ]
582 silly gentlyRm C:\Users\J10203\Documents\GitHub\test\node_modules\.staging\node-snap7-c5605e6e\node_modules is being purged
583 verbose gentlyRm don't care about contents; nuking C:\Users\J10203\Documents\GitHub\test\node_modules\.staging\node-snap7-c5605e6e\node_modules
584 silly gentlyRm C:\Users\J10203\Documents\GitHub\test\node_modules\.staging\node-gyp-44f06e08\node_modules is being purged
585 verbose gentlyRm don't care about contents; nuking C:\Users\J10203\Documents\GitHub\test\node_modules\.staging\node-gyp-44f06e08\node_modules
586 silly doParallel preinstall 4
587 silly preinstall bindings@1.2.1 C:\Users\J10203\Documents\GitHub\test\node_modules\.staging\bindings-ba19e9bd
588 info lifecycle bindings@1.2.1~preinstall: bindings@1.2.1
589 silly preinstall nan@2.3.5 C:\Users\J10203\Documents\GitHub\test\node_modules\.staging\nan-6de7e589
590 info lifecycle nan@2.3.5~preinstall: nan@2.3.5
591 silly preinstall node-gyp@3.3.1 C:\Users\J10203\Documents\GitHub\test\node_modules\.staging\node-gyp-44f06e08
592 info lifecycle node-gyp@3.3.1~preinstall: node-gyp@3.3.1
593 silly preinstall node-snap7@0.2.3 C:\Users\J10203\Documents\GitHub\test\node_modules\.staging\node-snap7-c5605e6e
594 info lifecycle node-snap7@0.2.3~preinstall: node-snap7@0.2.3
595 silly lifecycle bindings@1.2.1~preinstall: no script for preinstall, continuing
596 silly lifecycle nan@2.3.5~preinstall: no script for preinstall, continuing
597 silly lifecycle node-gyp@3.3.1~preinstall: no script for preinstall, continuing
598 silly lifecycle node-snap7@0.2.3~preinstall: no script for preinstall, continuing
599 silly doReverseSerial remove 0
600 silly doSerial move 0
601 silly doSerial finalize 4
602 silly finalize C:\Users\J10203\Documents\GitHub\test\node_modules\bindings
603 silly finalize C:\Users\J10203\Documents\GitHub\test\node_modules\nan
604 silly finalize C:\Users\J10203\Documents\GitHub\test\node_modules\node-gyp
605 silly finalize C:\Users\J10203\Documents\GitHub\test\node_modules\node-snap7
606 silly doSerial build 4
607 silly build bindings@1.2.1
608 info linkStuff bindings@1.2.1
609 silly linkStuff bindings@1.2.1 has C:\Users\J10203\Documents\GitHub\test\node_modules as its parent node_modules
610 verbose linkBins bindings@1.2.1
611 verbose linkMans bindings@1.2.1
612 silly build nan@2.3.5
613 info linkStuff nan@2.3.5
614 silly linkStuff nan@2.3.5 has C:\Users\J10203\Documents\GitHub\test\node_modules as its parent node_modules
615 verbose linkBins nan@2.3.5
616 verbose linkMans nan@2.3.5
617 silly build node-gyp@3.3.1
618 info linkStuff node-gyp@3.3.1
619 silly linkStuff node-gyp@3.3.1 has C:\Users\J10203\Documents\GitHub\test\node_modules as its parent node_modules
620 verbose linkBins node-gyp@3.3.1
621 verbose link bins [ { 'node-gyp': './bin/node-gyp.js' },
621 verbose link bins   'C:\\Users\\J10203\\Documents\\GitHub\\test\\node_modules\\.bin',
621 verbose link bins   false ]
622 verbose linkMans node-gyp@3.3.1
623 silly build node-snap7@0.2.3
624 info linkStuff node-snap7@0.2.3
625 silly linkStuff node-snap7@0.2.3 has C:\Users\J10203\Documents\GitHub\test\node_modules as its parent node_modules
626 verbose linkBins node-snap7@0.2.3
627 verbose linkMans node-snap7@0.2.3
628 silly doSerial global-link 0
629 silly doParallel update-linked 0
630 silly doSerial install 4
631 silly install bindings@1.2.1 C:\Users\J10203\Documents\GitHub\test\node_modules\.staging\bindings-ba19e9bd
632 info lifecycle bindings@1.2.1~install: bindings@1.2.1
633 silly lifecycle bindings@1.2.1~install: no script for install, continuing
634 silly install nan@2.3.5 C:\Users\J10203\Documents\GitHub\test\node_modules\.staging\nan-6de7e589
635 info lifecycle nan@2.3.5~install: nan@2.3.5
636 silly lifecycle nan@2.3.5~install: no script for install, continuing
637 silly install node-gyp@3.3.1 C:\Users\J10203\Documents\GitHub\test\node_modules\.staging\node-gyp-44f06e08
638 info lifecycle node-gyp@3.3.1~install: node-gyp@3.3.1
639 silly lifecycle node-gyp@3.3.1~install: no script for install, continuing
640 silly install node-snap7@0.2.3 C:\Users\J10203\Documents\GitHub\test\node_modules\.staging\node-snap7-c5605e6e
641 info lifecycle node-snap7@0.2.3~install: node-snap7@0.2.3
642 verbose lifecycle node-snap7@0.2.3~install: unsafe-perm in lifecycle true
643 verbose lifecycle node-snap7@0.2.3~install: PATH: C:\Users\J10203\AppData\Roaming\npm\node_modules\npm\bin\node-gyp-bin;C:\Users\J10203\Documents\GitHub\test\node_modules\node-snap7\node_modules\.bin;C:\Users\J10203\Documents\GitHub\test\node_modules\.bin;C:\Program Files\nodejs;C:\Users\J10203\AppData\Local\GitHub\PortableGit_d76a6a98c9315931ec4927243517bc09e9b731a0\cmd;C:\Users\J10203\AppData\Local\GitHub\PortableGit_d76a6a98c9315931ec4927243517bc09e9b731a0\usr\bin;C:\Users\J10203\AppData\Local\GitHub\PortableGit_d76a6a98c9315931ec4927243517bc09e9b731a0\usr\share\git-tfs;C:\Users\J10203\AppData\Local\Apps\2.0\GXGKAJ71.W5K\PMCDLNJL.B1R\gith..tion_317444273a93ac29_0003.0001_cbe40ecbe3e419d4;C:\Users\J10203\AppData\Local\GitHub\lfs-amd64_1.2.0;C:\Python27\;C:\Python27\Scripts;C:\Windows\system32;C:\Windows;C:\Windows\System32\Wbem;C:\Windows\System32\WindowsPowerShell\v1.0\;C:\Program Files\Microsoft SQL Server\130\Tools\Binn\;C:\Program Files\nodejs\;C:\Program Files\dotnet\;C:\Program Files\Microsoft\Web Platform Installer\;C:\Users\J10203\.dnx\bin;C:\Users\J10203\AppData\Roaming\npm;C:\Program Files (x86)\Microsoft VS Code\bin;C:\Program Files\MongoDB\Server\3.2\bin;C:\Program Files (x86)\MSBuild\14.0\bin\;C:\Program Files (x86)\Microsoft SDKs\Windows\v8.1A\bin\NETFX 4.5.1 Tools\x64
644 verbose lifecycle node-snap7@0.2.3~install: CWD: C:\Users\J10203\Documents\GitHub\test\node_modules\node-snap7
645 silly lifecycle node-snap7@0.2.3~install: Args: [ '/d /s /c', 'node-gyp rebuild' ]
646 silly lifecycle node-snap7@0.2.3~install: Returned: code: 1  signal: null
647 info lifecycle node-snap7@0.2.3~install: Failed to exec install script
648 verbose unlock done using C:\Users\J10203\AppData\Roaming\npm-cache\_locks\staging-b3e43b18fd0fd0a3.lock for C:\Users\J10203\Documents\GitHub\test\node_modules\.staging
649 silly rollbackFailedOptional Starting
650 silly rollbackFailedOptional Finishing
651 silly runTopLevelLifecycles Starting
652 silly runTopLevelLifecycles Finishing
653 silly install printInstalled
654 warn test@1.0.0 No description
655 warn test@1.0.0 No repository field.
656 verbose stack Error: node-snap7@0.2.3 install: `node-gyp rebuild`
656 verbose stack Exit status 1
656 verbose stack     at EventEmitter.<anonymous> (C:\Users\J10203\AppData\Roaming\npm\node_modules\npm\lib\utils\lifecycle.js:245:16)
656 verbose stack     at emitTwo (events.js:87:13)
656 verbose stack     at EventEmitter.emit (events.js:172:7)
656 verbose stack     at ChildProcess.<anonymous> (C:\Users\J10203\AppData\Roaming\npm\node_modules\npm\lib\utils\spawn.js:24:14)
656 verbose stack     at emitTwo (events.js:87:13)
656 verbose stack     at ChildProcess.emit (events.js:172:7)
656 verbose stack     at maybeClose (internal/child_process.js:827:16)
656 verbose stack     at Process.ChildProcess._handle.onexit (internal/child_process.js:211:5)
657 verbose pkgid node-snap7@0.2.3
658 verbose cwd C:\Users\J10203\Documents\GitHub\test
659 error Windows_NT 6.1.7601
660 error argv "C:\\Program Files\\nodejs\\node.exe" "C:\\Users\\J10203\\AppData\\Roaming\\npm\\node_modules\\npm\\bin\\npm-cli.js" "isntall" "node-snap7" "--save"
661 error node v4.4.5
662 error npm  v3.9.6
663 error code ELIFECYCLE
664 error node-snap7@0.2.3 install: `node-gyp rebuild`
664 error Exit status 1
665 error Failed at the node-snap7@0.2.3 install script 'node-gyp rebuild'.
665 error Make sure you have the latest version of node.js and npm installed.
665 error If you do, this is most likely a problem with the node-snap7 package,
665 error not with npm itself.
665 error Tell the author that this fails on your system:
665 error     node-gyp rebuild
665 error You can get information on how to open an issue for this project with:
665 error     npm bugs node-snap7
665 error Or if that isn't available, you can get their info via:
665 error     npm owner ls node-snap7
665 error There is likely additional logging output above.
666 verbose exit [ 1, true ]
